#
# A fatal error has been detected by the Java Runtime Environment:
#
#  EXCEPTION_ACCESS_VIOLATION (0xc0000005) at pc=0x00007fffd2e9a7ff, pid=7516, tid=21568
#
# JRE version: OpenJDK Runtime Environment Corretto-20.0.0.36.1 (20.0+36) (build 20+36-FR)
# Java VM: OpenJDK 64-Bit Server VM Corretto-20.0.0.36.1 (20+36-FR, mixed mode, sharing, tiered, compressed oops, compressed class ptrs, g1 gc, windows-amd64)
# Problematic frame:
# C  [atio6axx.dll+0x1bca7ff]
#
# No core dump will be written. Minidumps are not enabled by default on client versions of Windows
#
# If you would like to submit a bug report, please visit:
#   https://github.com/corretto/corretto-20/issues/
# The crash happened outside the Java Virtual Machine in native code.
# See problematic frame for where to report the bug.
#

---------------  S U M M A R Y ------------

Command Line: --add-exports=java.base/java.lang=ALL-UNNAMED --add-exports=java.desktop/sun.awt=ALL-UNNAMED --add-exports=java.desktop/sun.java2d=ALL-UNNAMED -javaagent:C:\Program Files\JetBrains\IntelliJ IDEA 2023.1\lib\idea_rt.jar=61713:C:\Program Files\JetBrains\IntelliJ IDEA 2023.1\bin -Dfile.encoding=UTF-8 -Dsun.stdout.encoding=UTF-8 -Dsun.stderr.encoding=UTF-8 org.basics.FarrelMovingLine -Dsun.java2d.d3d=false

Host: AMD Ryzen 5 5600H with Radeon Graphics         , 12 cores, 7G,  Windows 10 , 64 bit Build 19041 (10.0.19041.3636)
Time: Thu Feb 22 18:12:50 2024 Central Standard Time elapsed time: 5.314831 seconds (0d 0h 0m 5s)

---------------  T H R E A D  ---------------

Current thread (0x000001851db3e360):  JavaThread "AWT-EventQueue-0" [_thread_in_native, id=21568, stack(0x0000002652400000,0x0000002652500000)]

Stack: [0x0000002652400000,0x0000002652500000],  sp=0x00000026524fdcf0,  free space=1015k
Native frames: (J=compiled Java code, j=interpreted, Vv=VM code, C=native code)
C  [atio6axx.dll+0x1bca7ff]

Java frames: (J=compiled Java code, j=interpreted, Vv=VM code)
j  jogamp.opengl.gl4.GL4bcImpl.dispatch_glUniformMatrix4fv1(IIZLjava/lang/Object;IZJ)V+0
j  jogamp.opengl.gl4.GL4bcImpl.glUniformMatrix4fv(IIZ[FI)V+110
j  org.basics.OpenGL.drawTrianglesXY(Lcom/jogamp/opengl/GL2ES3;I[FLjava/nio/FloatBuffer;I)V+61
j  org.basics.OpenGL.drawBox(Lcom/jogamp/opengl/GL2ES3;[FFFFF)V+97
j  org.basics.FarrelMovingLine.display(Lcom/jogamp/opengl/GLAutoDrawable;)V+102
j  jogamp.opengl.GLDrawableHelper.displayImpl(Lcom/jogamp/opengl/GLAutoDrawable;)V+62
j  jogamp.opengl.GLDrawableHelper.display(Lcom/jogamp/opengl/GLAutoDrawable;)V+2
j  com.jogamp.opengl.awt.GLCanvas$10.run()V+118
j  jogamp.opengl.GLDrawableHelper.invokeGLImpl(Lcom/jogamp/opengl/GLDrawable;Lcom/jogamp/opengl/GLContext;Ljava/lang/Runnable;Ljava/lang/Runnable;)V+205
j  jogamp.opengl.GLDrawableHelper.invokeGL(Lcom/jogamp/opengl/GLDrawable;Lcom/jogamp/opengl/GLContext;Ljava/lang/Runnable;Ljava/lang/Runnable;)V+75
j  com.jogamp.opengl.awt.GLCanvas$11.run()V+104
j  com.jogamp.opengl.Threading.invoke(ZLjava/lang/Runnable;Ljava/lang/Object;)V+27
j  com.jogamp.opengl.awt.GLCanvas.display()V+65
j  com.jogamp.opengl.awt.GLCanvas.paint(Ljava/awt/Graphics;)V+137
j  sun.awt.RepaintArea.paintComponent(Ljava/awt/Component;Ljava/awt/Graphics;)V+6 java.desktop@20
j  sun.awt.RepaintArea.paint(Ljava/lang/Object;Z)V+326 java.desktop@20
j  sun.awt.windows.WComponentPeer.handleEvent(Ljava/awt/AWTEvent;)V+155 java.desktop@20
j  java.awt.Component.dispatchEventImpl(Ljava/awt/AWTEvent;)V+741 java.desktop@20
j  java.awt.Component.dispatchEvent(Ljava/awt/AWTEvent;)V+2 java.desktop@20
j  java.awt.EventQueue.dispatchEventImpl(Ljava/awt/AWTEvent;Ljava/lang/Object;)V+41 java.desktop@20
j  java.awt.EventQueue$4.run()Ljava/lang/Void;+32 java.desktop@20
j  java.awt.EventQueue$4.run()Ljava/lang/Object;+1 java.desktop@20
j  java.security.AccessController.executePrivileged(Ljava/security/PrivilegedAction;Ljava/security/AccessControlContext;Ljava/lang/Class;)Ljava/lang/Object;+29 java.base@20
j  java.security.AccessController.doPrivileged(Ljava/security/PrivilegedAction;Ljava/security/AccessControlContext;)Ljava/lang/Object;+13 java.base@20
j  java.security.ProtectionDomain$JavaSecurityAccessImpl.doIntersectionPrivilege(Ljava/security/PrivilegedAction;Ljava/security/AccessControlContext;Ljava/security/AccessControlContext;)Ljava/lang/Object;+18 java.base@20
j  java.security.ProtectionDomain$JavaSecurityAccessImpl.doIntersectionPrivilege(Ljava/security/PrivilegedAction;Ljava/security/AccessControlContext;)Ljava/lang/Object;+6 java.base@20
j  java.awt.EventQueue$5.run()Ljava/lang/Void;+11 java.desktop@20
j  java.awt.EventQueue$5.run()Ljava/lang/Object;+1 java.desktop@20
j  java.security.AccessController.executePrivileged(Ljava/security/PrivilegedAction;Ljava/security/AccessControlContext;Ljava/lang/Class;)Ljava/lang/Object;+29 java.base@20
j  java.security.AccessController.doPrivileged(Ljava/security/PrivilegedAction;Ljava/security/AccessControlContext;)Ljava/lang/Object;+13 java.base@20
j  java.security.ProtectionDomain$JavaSecurityAccessImpl.doIntersectionPrivilege(Ljava/security/PrivilegedAction;Ljava/security/AccessControlContext;Ljava/security/AccessControlContext;)Ljava/lang/Object;+18 java.base@20
j  java.awt.EventQueue.dispatchEvent(Ljava/awt/AWTEvent;)V+73 java.desktop@20
j  java.awt.EventDispatchThread.pumpOneEventForFilters(I)V+81 java.desktop@20
j  java.awt.EventDispatchThread.pumpEventsForFilter(ILjava/awt/Conditional;Ljava/awt/EventFilter;)V+35 java.desktop@20
j  java.awt.EventDispatchThread.pumpEventsForHierarchy(ILjava/awt/Conditional;Ljava/awt/Component;)V+11 java.desktop@20
j  java.awt.EventDispatchThread.pumpEvents(ILjava/awt/Conditional;)V+4 java.desktop@20
j  java.awt.EventDispatchThread.pumpEvents(Ljava/awt/Conditional;)V+3 java.desktop@20
j  java.awt.EventDispatchThread.run()V+9 java.desktop@20
v  ~StubRoutines::call_stub 0x000001850f7a100d

siginfo: EXCEPTION_ACCESS_VIOLATION (0xc0000005), reading address 0x0000000000000030


Registers:
RAX=0x000001852677b140, RBX=0x0000000000000000, RCX=0x00000185239544b0, RDX=0x0000018522cfdae0
RSP=0x00000026524fdcf0, RBP=0x0000000000000000, RSI=0x0000000000000000, RDI=0x000001852388ae48
R8 =0x000001851ddab001, R9 =0x000001852388ae48, R10=0x00007fffd2e9a730, R11=0x0000000000000102
R12=0x0000018522cfdae0, R13=0x0000000000000004, R14=0x000001851ddab010, R15=0x000001851db3e360
RIP=0x00007fffd2e9a7ff, EFLAGS=0x0000000000010202


Register to memory mapping:

RIP=0x00007fffd2e9a7ff atio6axx.dll
RAX=0x000001852677b140 points into unknown readable memory: 0x00000185239544b0 | b0 44 95 23 85 01 00 00
RBX=0x0 is NULL
RCX=0x00000185239544b0 points into unknown readable memory: 0x0000000000000000 | 00 00 00 00 00 00 00 00
RDX=0x0000018522cfdae0 points into unknown readable memory: 0x00007fffd3012640 | 40 26 01 d3 ff 7f 00 00
RSP=0x00000026524fdcf0 is pointing into the stack for thread: 0x000001851db3e360
RBP=0x0 is NULL
RSI=0x0 is NULL
RDI=0x000001852388ae48 points into unknown readable memory: 0x00007fffd30122c8 | c8 22 01 d3 ff 7f 00 00
R8 =0x000001851ddab001 points into unknown readable memory: ff ff ff ff ff ff ff
R9 =0x000001852388ae48 points into unknown readable memory: 0x00007fffd30122c8 | c8 22 01 d3 ff 7f 00 00
R10=0x00007fffd2e9a730 atio6axx.dll
R11=0x0000000000000102 is an unknown value
R12=0x0000018522cfdae0 points into unknown readable memory: 0x00007fffd3012640 | 40 26 01 d3 ff 7f 00 00
R13=0x0000000000000004 is an unknown value
R14=0x000001851ddab010 points into unknown readable memory: 0x000001851d770101 | 01 01 77 1d 85 01 00 00
R15=0x000001851db3e360 is a thread


Top of Stack: (sp=0x00000026524fdcf0)
0x00000026524fdcf0:   00000026524fdc00 0000000000000000
0x00000026524fdd00:   0000000000000000 000001850f7d8f00
0x00000026524fdd10:   00000000ffffffff 0000018522cfdae0
0x00000026524fdd20:   0000000000000001 0000018522cfdae0
0x00000026524fdd30:   0000018522cfdaf8 00007fffd2edd7e7
0x00000026524fdd40:   00000185268e3460 0000000000000000
0x00000026524fdd50:   0000000000000001 000001851d5057c0
0x00000026524fdd60:   000001852677b140 0000000000000001
0x00000026524fdd70:   000001851db3e300 0000000000000000
0x00000026524fdd80:   0000000000000000 0000000000000000
0x00000026524fdd90:   0000000000000000 0000000000000000
0x00000026524fdda0:   0000000800000000 00007ff809f2f7c8
0x00000026524fddb0:   00007ff80a2aa810 000001851dde4f00
0x00000026524fddc0:   000001850000000e 000000016958955c
0x00000026524fddd0:   0000018519b093b0 000001851db3e360
0x00000026524fdde0:   000001851db3e360 0000000000000000
0x00000026524fddf0:   0000018519b093b0 0000000000000001
0x00000026524fde00:   0000000000000000 0000000000000000
0x00000026524fde10:   0000000000000000 00007fffd2f71cbe
0x00000026524fde20:   000001851ddab010 000001851e04d7b0
0x00000026524fde30:   00000026524fdf68 00007ff800000001
0x00000026524fde40:   0000002600000004 0000018500000004
0x00000026524fde50:   0000000169589500 0000000000000000
0x00000026524fde60:   0000018519b093b0 00007fffd20b51e8
0x00000026524fde70:   0000000000008892 000001850f7bdf9e
0x00000026524fde80:   00000026524fdf68 0000000000000000
0x00000026524fde90:   0000018519b093b0 00000026524fdfc8
0x00000026524fdea0:   00000026524fdfc8 000001850f7c1ff3
0x00000026524fdeb0:   0000018519b093b0 00000026524fdf68
0x00000026524fdec0:   0000000000008892 000001850f7bdf9e
0x00000026524fded0:   0000018500000000 0000000000000000
0x00000026524fdee0:   0000018500000000 0000018500000000 

Instructions: (pc=0x00007fffd2e9a7ff)
0x00007fffd2e9a6ff:   e8 70 28 fb ff 48 8b 5c 24 50 33 c0 48 8b 6c 24
0x00007fffd2e9a70f:   58 48 8b 74 24 60 48 8b 7c 24 68 48 83 c4 30 41
0x00007fffd2e9a71f:   5e 41 5d 41 5c c3 cc cc cc cc cc cc cc cc cc cc
0x00007fffd2e9a72f:   cc 48 89 5c 24 08 48 89 6c 24 10 44 88 44 24 18
0x00007fffd2e9a73f:   56 57 41 54 41 55 41 56 48 83 ec 20 48 8b 9c 24
0x00007fffd2e9a74f:   90 00 00 00 33 f6 49 8b f9 4c 8b e2 4c 8b f1 40
0x00007fffd2e9a75f:   38 b4 24 80 00 00 00 74 7c 41 0f b6 89 b3 00 00
0x00007fffd2e9a76f:   00 b8 04 00 00 00 8b 6c 24 78 0f af cd c1 e1 02
0x00007fffd2e9a77f:   48 f7 e1 48 c7 c1 ff ff ff ff 48 0f 40 c1 48 8b
0x00007fffd2e9a78f:   c8 e8 43 2e fb ff 8b 4f 0c 48 8b f0 83 e1 0f 80
0x00007fffd2e9a79f:   f9 03 74 2d 48 0f bf 47 0a 83 f8 3a 77 10 48 b9
0x00007fffd2e9a7af:   20 38 00 00 00 00 fc 07 48 0f a3 c1 72 13 4c 8b
0x00007fffd2e9a7bf:   cb 44 8b c5 48 8b d6 48 8b cf e8 a2 62 04 00 eb
0x00007fffd2e9a7cf:   11 4c 8b cb 44 8b c5 48 8b d6 48 8b cf e8 ff 63
0x00007fffd2e9a7df:   04 00 48 8b de 8b 6f 58 44 0f b6 af b3 00 00 00
0x00007fffd2e9a7ef:   48 8b 44 24 70 44 03 ed 80 7c 24 60 00 48 8b 08
0x00007fffd2e9a7ff:   8b 43 30 89 41 30 8b 43 34 89 41 34 8b 43 38 89
0x00007fffd2e9a80f:   41 38 8b 43 3c 89 41 3c 8b 43 20 89 41 20 8b 43
0x00007fffd2e9a81f:   24 89 41 24 8b 43 28 89 41 28 8b 43 2c 89 41 2c
0x00007fffd2e9a82f:   8b 43 1c 89 41 1c 8b 43 18 89 41 18 8b 43 14 89
0x00007fffd2e9a83f:   41 14 8b 43 10 89 41 10 8b 43 0c 89 41 0c 8b 43
0x00007fffd2e9a84f:   08 89 41 08 8b 43 04 89 41 04 8b 03 89 01 74 36
0x00007fffd2e9a85f:   45 8b 86 80 1e 02 00 ba 00 00 01 00 8b 4f 5c c1
0x00007fffd2e9a86f:   e1 0c c1 f9 1c d3 e2 49 8b 4e 08 41 0b d0 41 33
0x00007fffd2e9a87f:   d0 81 e2 00 00 3f 00 41 33 d0 41 89 96 80 1e 02
0x00007fffd2e9a88f:   00 e8 cb a7 d9 fe 8b 47 5c 45 8d 45 ff c1 e0 0c
0x00007fffd2e9a89f:   45 33 c9 48 63 c8 8b d5 48 c1 f9 1c 48 c1 e1 05
0x00007fffd2e9a8af:   4a 8b 9c 21 48 01 00 00 ff 43 18 4a 8b 8c 21 58
0x00007fffd2e9a8bf:   01 00 00 48 8b 49 28 e8 a5 1f 09 00 ff 4b 18 83
0x00007fffd2e9a8cf:   7b 18 01 7d 5a 8b 53 1c 85 d2 79 53 65 48 8b 04
0x00007fffd2e9a8df:   25 30 00 00 00 44 8b 43 20 48 8b 88 48 12 00 00
0x00007fffd2e9a8ef:   48 8b 79 68 45 85 c0 74 2b 03 d2 48 8b cf d1 fa 


Stack slot to memory mapping:
stack at sp + 0 slots: 0x00000026524fdc00 is pointing into the stack for thread: 0x000001851db3e360
stack at sp + 1 slots: 0x0 is NULL
stack at sp + 2 slots: 0x0 is NULL
stack at sp + 3 slots: 0x000001850f7d8f00 is at code_begin+0 in 
[CodeBlob (0x000001850f7d8e90)]
Framesize: 0
BufferBlob (0x000001850f7d8e90) used for Signature Handler Temp Buffer
stack at sp + 4 slots: 0x00000000ffffffff is an unallocated location in the heap
stack at sp + 5 slots: 0x0000018522cfdae0 points into unknown readable memory: 0x00007fffd3012640 | 40 26 01 d3 ff 7f 00 00
stack at sp + 6 slots: 0x0000000000000001 is an unknown value
stack at sp + 7 slots: 0x0000018522cfdae0 points into unknown readable memory: 0x00007fffd3012640 | 40 26 01 d3 ff 7f 00 00


---------------  P R O C E S S  ---------------

Threads class SMR info:
_java_thread_list=0x000001851d57f4e0, length=20, elements={
0x000001857f7ad0b0, 0x000001857f7aecc0, 0x000001857f7afc20, 0x000001857f7b1570,
0x000001857f7b1eb0, 0x000001857f7b27f0, 0x000001857f7b7500, 0x000001857f7c9db0,
0x000001851d49b550, 0x000001851d7133d0, 0x000001851d7159c0, 0x000001851d721b70,
0x000001851d9e4a20, 0x000001851da40ec0, 0x000001851db3b8e0, 0x0000018526b09800,
0x000001851db3d8c0, 0x000001851db3e360, 0x000001851db3de10, 0x000001851db3ae40
}

Java Threads: ( => current thread )
  0x000001857f7ad0b0 JavaThread "Reference Handler" daemon [_thread_blocked, id=20648, stack(0x000000264fd00000,0x000000264fe00000)]
  0x000001857f7aecc0 JavaThread "Finalizer" daemon [_thread_blocked, id=10792, stack(0x000000264fe00000,0x000000264ff00000)]
  0x000001857f7afc20 JavaThread "Signal Dispatcher" daemon [_thread_blocked, id=15804, stack(0x000000264ff00000,0x0000002650000000)]
  0x000001857f7b1570 JavaThread "Attach Listener" daemon [_thread_blocked, id=23200, stack(0x0000002650000000,0x0000002650100000)]
  0x000001857f7b1eb0 JavaThread "Service Thread" daemon [_thread_blocked, id=10184, stack(0x0000002650100000,0x0000002650200000)]
  0x000001857f7b27f0 JavaThread "Monitor Deflation Thread" daemon [_thread_blocked, id=21304, stack(0x0000002650200000,0x0000002650300000)]
  0x000001857f7b7500 JavaThread "C2 CompilerThread0" daemon [_thread_blocked, id=8348, stack(0x0000002650300000,0x0000002650400000)]
  0x000001857f7c9db0 JavaThread "C1 CompilerThread0" daemon [_thread_blocked, id=23872, stack(0x0000002650400000,0x0000002650500000)]
  0x000001851d49b550 JavaThread "Common-Cleaner" daemon [_thread_blocked, id=17744, stack(0x0000002650500000,0x0000002650600000)]
  0x000001851d7133d0 JavaThread "Monitor Ctrl-Break" daemon [_thread_in_native, id=11752, stack(0x0000002650600000,0x0000002650700000)]
  0x000001851d7159c0 JavaThread "Notification Thread" daemon [_thread_blocked, id=5772, stack(0x0000002650700000,0x0000002650800000)]
  0x000001851d721b70 JavaThread "Test Output Thread" [_thread_blocked, id=8092, stack(0x0000002650900000,0x0000002650a00000)]
  0x000001851d9e4a20 JavaThread "Java2D Disposer" daemon [_thread_blocked, id=13608, stack(0x0000002650a00000,0x0000002650b00000)]
  0x000001851da40ec0 JavaThread "AWT-Windows" daemon [_thread_in_native, id=8540, stack(0x0000002650c00000,0x0000002650d00000)]
  0x000001851db3b8e0 JavaThread "main-SharedResourceRunner" daemon [_thread_blocked, id=3528, stack(0x0000002651800000,0x0000002651900000)]
  0x0000018526b09800 JavaThread "C2 CompilerThread1" daemon [_thread_blocked, id=4988, stack(0x0000002652200000,0x0000002652300000)]
  0x000001851db3d8c0 JavaThread "AWT-Shutdown" [_thread_blocked, id=15420, stack(0x0000002652300000,0x0000002652400000)]
=>0x000001851db3e360 JavaThread "AWT-EventQueue-0" [_thread_in_native, id=21568, stack(0x0000002652400000,0x0000002652500000)]
  0x000001851db3de10 JavaThread "DestroyJavaVM" [_thread_blocked, id=13900, stack(0x000000264f600000,0x000000264f700000)]
  0x000001851db3ae40 JavaThread "D3D Screen Updater" daemon [_thread_blocked, id=10756, stack(0x0000002652500000,0x0000002652600000)]

Other Threads:
  0x000001857f790650 VMThread "VM Thread" [stack: 0x000000264fc00000,0x000000264fd00000] [id=2244]
  0x000001857bcc7fd0 WatcherThread "VM Periodic Task Thread" [stack: 0x0000002650800000,0x0000002650900000] [id=11716]
  0x000001857bd21390 WorkerThread "GC Thread#0" [stack: 0x000000264f700000,0x000000264f800000] [id=22592]
  0x0000018525ee1f60 WorkerThread "GC Thread#1" [stack: 0x0000002651700000,0x0000002651800000] [id=23248]
  0x0000018525ee2230 WorkerThread "GC Thread#2" [stack: 0x0000002651900000,0x0000002651a00000] [id=7152]
  0x0000018525ee2500 WorkerThread "GC Thread#3" [stack: 0x0000002651a00000,0x0000002651b00000] [id=17416]
  0x0000018526013920 WorkerThread "GC Thread#4" [stack: 0x0000002651b00000,0x0000002651c00000] [id=8132]
  0x0000018526014730 WorkerThread "GC Thread#5" [stack: 0x0000002651c00000,0x0000002651d00000] [id=4560]
  0x0000018526013380 WorkerThread "GC Thread#6" [stack: 0x0000002651d00000,0x0000002651e00000] [id=3908]
  0x0000018526013bf0 WorkerThread "GC Thread#7" [stack: 0x0000002651e00000,0x0000002651f00000] [id=24148]
  0x0000018526014190 WorkerThread "GC Thread#8" [stack: 0x0000002651f00000,0x0000002652000000] [id=22584]
  0x0000018526014a00 WorkerThread "GC Thread#9" [stack: 0x0000002652000000,0x0000002652100000] [id=4656]
  0x000001857bd30d90 ConcurrentGCThread "G1 Main Marker" [stack: 0x000000264f800000,0x000000264f900000] [id=12724]
  0x000001857bd31e10 WorkerThread "G1 Conc#0" [stack: 0x000000264f900000,0x000000264fa00000] [id=11272]
  0x000001857bd7e7e0 ConcurrentGCThread "G1 Refine#0" [stack: 0x000000264fa00000,0x000000264fb00000] [id=7960]
  0x000001857f6512b0 ConcurrentGCThread "G1 Service" [stack: 0x000000264fb00000,0x000000264fc00000] [id=14852]

Threads with active compile tasks:

VM state: not at safepoint (normal execution)

VM Mutex/Monitor currently owned by a thread: None

Heap address: 0x000000008a600000, size: 1882 MB, Compressed Oops mode: 32-bit

CDS archive(s) mapped at: [0x0000000800000000-0x0000000800c60000-0x0000000800c60000), size 12976128, SharedBaseAddress: 0x0000000800000000, ArchiveRelocationMode: 0.
Compressed class space mapped at: 0x0000000801000000-0x0000000841000000, reserved size: 1073741824
Narrow klass base: 0x0000000800000000, Narrow klass shift: 0, Narrow klass range: 0x100000000

GC Precious Log:
 CardTable entry size: 512
 Card Set container configuration: InlinePtr #cards 5 size 8 Array Of Cards #cards 12 size 40 Howl #buckets 4 coarsen threshold 1843 Howl Bitmap #cards 512 size 80 coarsen threshold 460 Card regions per heap region 1 cards per card region 2048
 CPUs: 12 total, 12 available
 Memory: 7523M
 Large Page Support: Disabled
 NUMA Support: Disabled
 Compressed Oops: Enabled (32-bit)
 Heap Region Size: 1M
 Heap Min Capacity: 8M
 Heap Initial Capacity: 118M
 Heap Max Capacity: 1882M
 Pre-touch: Disabled
 Parallel Workers: 10
 Concurrent Workers: 3
 Concurrent Refinement Workers: 10
 Periodic GC: Disabled

Heap:
 garbage-first heap   total 120832K, used 15056K [0x000000008a600000, 0x0000000100000000)
  region size 1024K, 15 young (15360K), 3 survivors (3072K)
 Metaspace       used 13731K, committed 14016K, reserved 1114112K
  class space    used 1198K, committed 1344K, reserved 1048576K

Heap Regions: E=young(eden), S=young(survivor), O=old, HS=humongous(starts), HC=humongous(continues), CS=collection set, F=free, OA=open archive, CA=closed archive, TAMS=top-at-mark-start, PB=parsable bottom
|   0|0x000000008a600000, 0x000000008a600000, 0x000000008a700000|  0%| F|  |TAMS 0x000000008a600000| PB 0x000000008a600000| Untracked 
|   1|0x000000008a700000, 0x000000008a7b4000, 0x000000008a800000| 70%| O|  |TAMS 0x000000008a700000| PB 0x000000008a700000| Untracked 
|   2|0x000000008a800000, 0x000000008a800000, 0x000000008a900000|  0%| F|  |TAMS 0x000000008a800000| PB 0x000000008a800000| Untracked 
|   3|0x000000008a900000, 0x000000008a900000, 0x000000008aa00000|  0%| F|  |TAMS 0x000000008a900000| PB 0x000000008a900000| Untracked 
|   4|0x000000008aa00000, 0x000000008aa00000, 0x000000008ab00000|  0%| F|  |TAMS 0x000000008aa00000| PB 0x000000008aa00000| Untracked 
|   5|0x000000008ab00000, 0x000000008ab00000, 0x000000008ac00000|  0%| F|  |TAMS 0x000000008ab00000| PB 0x000000008ab00000| Untracked 
|   6|0x000000008ac00000, 0x000000008ac00000, 0x000000008ad00000|  0%| F|  |TAMS 0x000000008ac00000| PB 0x000000008ac00000| Untracked 
|   7|0x000000008ad00000, 0x000000008ad00000, 0x000000008ae00000|  0%| F|  |TAMS 0x000000008ad00000| PB 0x000000008ad00000| Untracked 
|   8|0x000000008ae00000, 0x000000008ae00000, 0x000000008af00000|  0%| F|  |TAMS 0x000000008ae00000| PB 0x000000008ae00000| Untracked 
|   9|0x000000008af00000, 0x000000008af00000, 0x000000008b000000|  0%| F|  |TAMS 0x000000008af00000| PB 0x000000008af00000| Untracked 
|  10|0x000000008b000000, 0x000000008b000000, 0x000000008b100000|  0%| F|  |TAMS 0x000000008b000000| PB 0x000000008b000000| Untracked 
|  11|0x000000008b100000, 0x000000008b100000, 0x000000008b200000|  0%| F|  |TAMS 0x000000008b100000| PB 0x000000008b100000| Untracked 
|  12|0x000000008b200000, 0x000000008b200000, 0x000000008b300000|  0%| F|  |TAMS 0x000000008b200000| PB 0x000000008b200000| Untracked 
|  13|0x000000008b300000, 0x000000008b300000, 0x000000008b400000|  0%| F|  |TAMS 0x000000008b300000| PB 0x000000008b300000| Untracked 
|  14|0x000000008b400000, 0x000000008b400000, 0x000000008b500000|  0%| F|  |TAMS 0x000000008b400000| PB 0x000000008b400000| Untracked 
|  15|0x000000008b500000, 0x000000008b500000, 0x000000008b600000|  0%| F|  |TAMS 0x000000008b500000| PB 0x000000008b500000| Untracked 
|  16|0x000000008b600000, 0x000000008b600000, 0x000000008b700000|  0%| F|  |TAMS 0x000000008b600000| PB 0x000000008b600000| Untracked 
|  17|0x000000008b700000, 0x000000008b700000, 0x000000008b800000|  0%| F|  |TAMS 0x000000008b700000| PB 0x000000008b700000| Untracked 
|  18|0x000000008b800000, 0x000000008b800000, 0x000000008b900000|  0%| F|  |TAMS 0x000000008b800000| PB 0x000000008b800000| Untracked 
|  19|0x000000008b900000, 0x000000008b900000, 0x000000008ba00000|  0%| F|  |TAMS 0x000000008b900000| PB 0x000000008b900000| Untracked 
|  20|0x000000008ba00000, 0x000000008ba00000, 0x000000008bb00000|  0%| F|  |TAMS 0x000000008ba00000| PB 0x000000008ba00000| Untracked 
|  21|0x000000008bb00000, 0x000000008bb00000, 0x000000008bc00000|  0%| F|  |TAMS 0x000000008bb00000| PB 0x000000008bb00000| Untracked 
|  22|0x000000008bc00000, 0x000000008bc00000, 0x000000008bd00000|  0%| F|  |TAMS 0x000000008bc00000| PB 0x000000008bc00000| Untracked 
|  23|0x000000008bd00000, 0x000000008bd00000, 0x000000008be00000|  0%| F|  |TAMS 0x000000008bd00000| PB 0x000000008bd00000| Untracked 
|  24|0x000000008be00000, 0x000000008be00000, 0x000000008bf00000|  0%| F|  |TAMS 0x000000008be00000| PB 0x000000008be00000| Untracked 
|  25|0x000000008bf00000, 0x000000008bf00000, 0x000000008c000000|  0%| F|  |TAMS 0x000000008bf00000| PB 0x000000008bf00000| Untracked 
|  26|0x000000008c000000, 0x000000008c000000, 0x000000008c100000|  0%| F|  |TAMS 0x000000008c000000| PB 0x000000008c000000| Untracked 
|  27|0x000000008c100000, 0x000000008c100000, 0x000000008c200000|  0%| F|  |TAMS 0x000000008c100000| PB 0x000000008c100000| Untracked 
|  28|0x000000008c200000, 0x000000008c200000, 0x000000008c300000|  0%| F|  |TAMS 0x000000008c200000| PB 0x000000008c200000| Untracked 
|  29|0x000000008c300000, 0x000000008c300000, 0x000000008c400000|  0%| F|  |TAMS 0x000000008c300000| PB 0x000000008c300000| Untracked 
|  30|0x000000008c400000, 0x000000008c400000, 0x000000008c500000|  0%| F|  |TAMS 0x000000008c400000| PB 0x000000008c400000| Untracked 
|  31|0x000000008c500000, 0x000000008c500000, 0x000000008c600000|  0%| F|  |TAMS 0x000000008c500000| PB 0x000000008c500000| Untracked 
|  32|0x000000008c600000, 0x000000008c600000, 0x000000008c700000|  0%| F|  |TAMS 0x000000008c600000| PB 0x000000008c600000| Untracked 
|  33|0x000000008c700000, 0x000000008c700000, 0x000000008c800000|  0%| F|  |TAMS 0x000000008c700000| PB 0x000000008c700000| Untracked 
|  34|0x000000008c800000, 0x000000008c800000, 0x000000008c900000|  0%| F|  |TAMS 0x000000008c800000| PB 0x000000008c800000| Untracked 
|  35|0x000000008c900000, 0x000000008c900000, 0x000000008ca00000|  0%| F|  |TAMS 0x000000008c900000| PB 0x000000008c900000| Untracked 
|  36|0x000000008ca00000, 0x000000008ca00000, 0x000000008cb00000|  0%| F|  |TAMS 0x000000008ca00000| PB 0x000000008ca00000| Untracked 
|  37|0x000000008cb00000, 0x000000008cb00000, 0x000000008cc00000|  0%| F|  |TAMS 0x000000008cb00000| PB 0x000000008cb00000| Untracked 
|  38|0x000000008cc00000, 0x000000008cc00000, 0x000000008cd00000|  0%| F|  |TAMS 0x000000008cc00000| PB 0x000000008cc00000| Untracked 
|  39|0x000000008cd00000, 0x000000008cd00000, 0x000000008ce00000|  0%| F|  |TAMS 0x000000008cd00000| PB 0x000000008cd00000| Untracked 
|  40|0x000000008ce00000, 0x000000008ce00000, 0x000000008cf00000|  0%| F|  |TAMS 0x000000008ce00000| PB 0x000000008ce00000| Untracked 
|  41|0x000000008cf00000, 0x000000008cf00000, 0x000000008d000000|  0%| F|  |TAMS 0x000000008cf00000| PB 0x000000008cf00000| Untracked 
|  42|0x000000008d000000, 0x000000008d000000, 0x000000008d100000|  0%| F|  |TAMS 0x000000008d000000| PB 0x000000008d000000| Untracked 
|  43|0x000000008d100000, 0x000000008d100000, 0x000000008d200000|  0%| F|  |TAMS 0x000000008d100000| PB 0x000000008d100000| Untracked 
|  44|0x000000008d200000, 0x000000008d200000, 0x000000008d300000|  0%| F|  |TAMS 0x000000008d200000| PB 0x000000008d200000| Untracked 
|  45|0x000000008d300000, 0x000000008d300000, 0x000000008d400000|  0%| F|  |TAMS 0x000000008d300000| PB 0x000000008d300000| Untracked 
|  46|0x000000008d400000, 0x000000008d400000, 0x000000008d500000|  0%| F|  |TAMS 0x000000008d400000| PB 0x000000008d400000| Untracked 
|  47|0x000000008d500000, 0x000000008d500000, 0x000000008d600000|  0%| F|  |TAMS 0x000000008d500000| PB 0x000000008d500000| Untracked 
|  48|0x000000008d600000, 0x000000008d600000, 0x000000008d700000|  0%| F|  |TAMS 0x000000008d600000| PB 0x000000008d600000| Untracked 
|  49|0x000000008d700000, 0x000000008d700000, 0x000000008d800000|  0%| F|  |TAMS 0x000000008d700000| PB 0x000000008d700000| Untracked 
|  50|0x000000008d800000, 0x000000008d800000, 0x000000008d900000|  0%| F|  |TAMS 0x000000008d800000| PB 0x000000008d800000| Untracked 
|  51|0x000000008d900000, 0x000000008d900000, 0x000000008da00000|  0%| F|  |TAMS 0x000000008d900000| PB 0x000000008d900000| Untracked 
|  52|0x000000008da00000, 0x000000008da00000, 0x000000008db00000|  0%| F|  |TAMS 0x000000008da00000| PB 0x000000008da00000| Untracked 
|  53|0x000000008db00000, 0x000000008db00000, 0x000000008dc00000|  0%| F|  |TAMS 0x000000008db00000| PB 0x000000008db00000| Untracked 
|  54|0x000000008dc00000, 0x000000008dc00000, 0x000000008dd00000|  0%| F|  |TAMS 0x000000008dc00000| PB 0x000000008dc00000| Untracked 
|  55|0x000000008dd00000, 0x000000008dd00000, 0x000000008de00000|  0%| F|  |TAMS 0x000000008dd00000| PB 0x000000008dd00000| Untracked 
|  56|0x000000008de00000, 0x000000008de00000, 0x000000008df00000|  0%| F|  |TAMS 0x000000008de00000| PB 0x000000008de00000| Untracked 
|  57|0x000000008df00000, 0x000000008df00000, 0x000000008e000000|  0%| F|  |TAMS 0x000000008df00000| PB 0x000000008df00000| Untracked 
|  58|0x000000008e000000, 0x000000008e000000, 0x000000008e100000|  0%| F|  |TAMS 0x000000008e000000| PB 0x000000008e000000| Untracked 
|  59|0x000000008e100000, 0x000000008e100000, 0x000000008e200000|  0%| F|  |TAMS 0x000000008e100000| PB 0x000000008e100000| Untracked 
|  60|0x000000008e200000, 0x000000008e200000, 0x000000008e300000|  0%| F|  |TAMS 0x000000008e200000| PB 0x000000008e200000| Untracked 
|  61|0x000000008e300000, 0x000000008e300000, 0x000000008e400000|  0%| F|  |TAMS 0x000000008e300000| PB 0x000000008e300000| Untracked 
|  62|0x000000008e400000, 0x000000008e400000, 0x000000008e500000|  0%| F|  |TAMS 0x000000008e400000| PB 0x000000008e400000| Untracked 
|  63|0x000000008e500000, 0x000000008e500000, 0x000000008e600000|  0%| F|  |TAMS 0x000000008e500000| PB 0x000000008e500000| Untracked 
|  64|0x000000008e600000, 0x000000008e600000, 0x000000008e700000|  0%| F|  |TAMS 0x000000008e600000| PB 0x000000008e600000| Untracked 
|  65|0x000000008e700000, 0x000000008e700000, 0x000000008e800000|  0%| F|  |TAMS 0x000000008e700000| PB 0x000000008e700000| Untracked 
|  66|0x000000008e800000, 0x000000008e800000, 0x000000008e900000|  0%| F|  |TAMS 0x000000008e800000| PB 0x000000008e800000| Untracked 
|  67|0x000000008e900000, 0x000000008e900000, 0x000000008ea00000|  0%| F|  |TAMS 0x000000008e900000| PB 0x000000008e900000| Untracked 
|  68|0x000000008ea00000, 0x000000008ea00000, 0x000000008eb00000|  0%| F|  |TAMS 0x000000008ea00000| PB 0x000000008ea00000| Untracked 
|  69|0x000000008eb00000, 0x000000008eb00000, 0x000000008ec00000|  0%| F|  |TAMS 0x000000008eb00000| PB 0x000000008eb00000| Untracked 
|  70|0x000000008ec00000, 0x000000008ec00000, 0x000000008ed00000|  0%| F|  |TAMS 0x000000008ec00000| PB 0x000000008ec00000| Untracked 
|  71|0x000000008ed00000, 0x000000008ed00000, 0x000000008ee00000|  0%| F|  |TAMS 0x000000008ed00000| PB 0x000000008ed00000| Untracked 
|  72|0x000000008ee00000, 0x000000008ee00000, 0x000000008ef00000|  0%| F|  |TAMS 0x000000008ee00000| PB 0x000000008ee00000| Untracked 
|  73|0x000000008ef00000, 0x000000008ef00000, 0x000000008f000000|  0%| F|  |TAMS 0x000000008ef00000| PB 0x000000008ef00000| Untracked 
|  74|0x000000008f000000, 0x000000008f000000, 0x000000008f100000|  0%| F|  |TAMS 0x000000008f000000| PB 0x000000008f000000| Untracked 
|  75|0x000000008f100000, 0x000000008f100000, 0x000000008f200000|  0%| F|  |TAMS 0x000000008f100000| PB 0x000000008f100000| Untracked 
|  76|0x000000008f200000, 0x000000008f200000, 0x000000008f300000|  0%| F|  |TAMS 0x000000008f200000| PB 0x000000008f200000| Untracked 
|  77|0x000000008f300000, 0x000000008f300000, 0x000000008f400000|  0%| F|  |TAMS 0x000000008f300000| PB 0x000000008f300000| Untracked 
|  78|0x000000008f400000, 0x000000008f400000, 0x000000008f500000|  0%| F|  |TAMS 0x000000008f400000| PB 0x000000008f400000| Untracked 
|  79|0x000000008f500000, 0x000000008f500000, 0x000000008f600000|  0%| F|  |TAMS 0x000000008f500000| PB 0x000000008f500000| Untracked 
|  80|0x000000008f600000, 0x000000008f600000, 0x000000008f700000|  0%| F|  |TAMS 0x000000008f600000| PB 0x000000008f600000| Untracked 
|  81|0x000000008f700000, 0x000000008f700000, 0x000000008f800000|  0%| F|  |TAMS 0x000000008f700000| PB 0x000000008f700000| Untracked 
|  82|0x000000008f800000, 0x000000008f800000, 0x000000008f900000|  0%| F|  |TAMS 0x000000008f800000| PB 0x000000008f800000| Untracked 
|  83|0x000000008f900000, 0x000000008f900000, 0x000000008fa00000|  0%| F|  |TAMS 0x000000008f900000| PB 0x000000008f900000| Untracked 
|  84|0x000000008fa00000, 0x000000008fa00000, 0x000000008fb00000|  0%| F|  |TAMS 0x000000008fa00000| PB 0x000000008fa00000| Untracked 
|  85|0x000000008fb00000, 0x000000008fb00000, 0x000000008fc00000|  0%| F|  |TAMS 0x000000008fb00000| PB 0x000000008fb00000| Untracked 
|  86|0x000000008fc00000, 0x000000008fc00000, 0x000000008fd00000|  0%| F|  |TAMS 0x000000008fc00000| PB 0x000000008fc00000| Untracked 
|  87|0x000000008fd00000, 0x000000008fd00000, 0x000000008fe00000|  0%| F|  |TAMS 0x000000008fd00000| PB 0x000000008fd00000| Untracked 
|  88|0x000000008fe00000, 0x000000008fe00000, 0x000000008ff00000|  0%| F|  |TAMS 0x000000008fe00000| PB 0x000000008fe00000| Untracked 
|  89|0x000000008ff00000, 0x000000008ff00000, 0x0000000090000000|  0%| F|  |TAMS 0x000000008ff00000| PB 0x000000008ff00000| Untracked 
|  90|0x0000000090000000, 0x0000000090000000, 0x0000000090100000|  0%| F|  |TAMS 0x0000000090000000| PB 0x0000000090000000| Untracked 
|  91|0x0000000090100000, 0x0000000090100000, 0x0000000090200000|  0%| F|  |TAMS 0x0000000090100000| PB 0x0000000090100000| Untracked 
|  92|0x0000000090200000, 0x0000000090300000, 0x0000000090300000|100%| S|CS|TAMS 0x0000000090200000| PB 0x0000000090200000| Complete 
|  93|0x0000000090300000, 0x0000000090400000, 0x0000000090400000|100%| S|CS|TAMS 0x0000000090300000| PB 0x0000000090300000| Complete 
|  94|0x0000000090400000, 0x0000000090500000, 0x0000000090500000|100%| S|CS|TAMS 0x0000000090400000| PB 0x0000000090400000| Complete 
|  95|0x0000000090500000, 0x0000000090500000, 0x0000000090600000|  0%| F|  |TAMS 0x0000000090500000| PB 0x0000000090500000| Untracked 
|  96|0x0000000090600000, 0x0000000090600000, 0x0000000090700000|  0%| F|  |TAMS 0x0000000090600000| PB 0x0000000090600000| Untracked 
|  97|0x0000000090700000, 0x0000000090700000, 0x0000000090800000|  0%| F|  |TAMS 0x0000000090700000| PB 0x0000000090700000| Untracked 
|  98|0x0000000090800000, 0x0000000090800000, 0x0000000090900000|  0%| F|  |TAMS 0x0000000090800000| PB 0x0000000090800000| Untracked 
|  99|0x0000000090900000, 0x0000000090900000, 0x0000000090a00000|  0%| F|  |TAMS 0x0000000090900000| PB 0x0000000090900000| Untracked 
| 100|0x0000000090a00000, 0x0000000090a00000, 0x0000000090b00000|  0%| F|  |TAMS 0x0000000090a00000| PB 0x0000000090a00000| Untracked 
| 101|0x0000000090b00000, 0x0000000090b00000, 0x0000000090c00000|  0%| F|  |TAMS 0x0000000090b00000| PB 0x0000000090b00000| Untracked 
| 102|0x0000000090c00000, 0x0000000090c00000, 0x0000000090d00000|  0%| F|  |TAMS 0x0000000090c00000| PB 0x0000000090c00000| Untracked 
| 103|0x0000000090d00000, 0x0000000090d00000, 0x0000000090e00000|  0%| F|  |TAMS 0x0000000090d00000| PB 0x0000000090d00000| Untracked 
| 104|0x0000000090e00000, 0x0000000090e00000, 0x0000000090f00000|  0%| F|  |TAMS 0x0000000090e00000| PB 0x0000000090e00000| Untracked 
| 105|0x0000000090f00000, 0x0000000090f00000, 0x0000000091000000|  0%| F|  |TAMS 0x0000000090f00000| PB 0x0000000090f00000| Untracked 
| 106|0x0000000091000000, 0x000000009104c518, 0x0000000091100000| 29%| E|  |TAMS 0x0000000091000000| PB 0x0000000091000000| Complete 
| 107|0x0000000091100000, 0x0000000091200000, 0x0000000091200000|100%| E|CS|TAMS 0x0000000091100000| PB 0x0000000091100000| Complete 
| 108|0x0000000091200000, 0x0000000091300000, 0x0000000091300000|100%| E|CS|TAMS 0x0000000091200000| PB 0x0000000091200000| Complete 
| 109|0x0000000091300000, 0x0000000091400000, 0x0000000091400000|100%| E|CS|TAMS 0x0000000091300000| PB 0x0000000091300000| Complete 
| 110|0x0000000091400000, 0x0000000091500000, 0x0000000091500000|100%| E|CS|TAMS 0x0000000091400000| PB 0x0000000091400000| Complete 
| 111|0x0000000091500000, 0x0000000091600000, 0x0000000091600000|100%| E|CS|TAMS 0x0000000091500000| PB 0x0000000091500000| Complete 
| 112|0x0000000091600000, 0x0000000091700000, 0x0000000091700000|100%| E|CS|TAMS 0x0000000091600000| PB 0x0000000091600000| Complete 
| 113|0x0000000091700000, 0x0000000091800000, 0x0000000091800000|100%| E|CS|TAMS 0x0000000091700000| PB 0x0000000091700000| Complete 
| 114|0x0000000091800000, 0x0000000091900000, 0x0000000091900000|100%| E|CS|TAMS 0x0000000091800000| PB 0x0000000091800000| Complete 
| 115|0x0000000091900000, 0x0000000091a00000, 0x0000000091a00000|100%| E|CS|TAMS 0x0000000091900000| PB 0x0000000091900000| Complete 
| 116|0x0000000091a00000, 0x0000000091b00000, 0x0000000091b00000|100%| E|CS|TAMS 0x0000000091a00000| PB 0x0000000091a00000| Complete 
| 117|0x0000000091b00000, 0x0000000091c00000, 0x0000000091c00000|100%| E|CS|TAMS 0x0000000091b00000| PB 0x0000000091b00000| Complete 

Card table byte_map: [0x000001857c690000,0x000001857ca40000] _byte_map_base: 0x000001857c23d000

Marking Bits: (CMBitMap*) 0x000001857bd217d0
 Bits: [0x000001857cdf0000, 0x000001857eb58000)

Polling page: 0x000001857b480000

Metaspace:

Usage:
  Non-class:     12.24 MB used.
      Class:      1.17 MB used.
       Both:     13.41 MB used.

Virtual space:
  Non-class space:       64.00 MB reserved,      12.38 MB ( 19%) committed,  1 nodes.
      Class space:        1.00 GB reserved,       1.31 MB ( <1%) committed,  1 nodes.
             Both:        1.06 GB reserved,      13.69 MB (  1%) committed. 

Chunk freelists:
   Non-Class:  2.91 MB
       Class:  2.70 MB
        Both:  5.61 MB

MaxMetaspaceSize: unlimited
CompressedClassSpaceSize: 1.00 GB
Initial GC threshold: 21.00 MB
Current GC threshold: 21.00 MB
CDS: on
MetaspaceReclaimPolicy: balanced
 - commit_granule_bytes: 65536.
 - commit_granule_words: 8192.
 - virtual_space_node_default_size: 8388608.
 - enlarge_chunks_in_place: 1.
 - new_chunks_are_fully_committed: 0.
 - uncommit_free_chunks: 1.
 - use_allocation_guard: 0.


Internal statistics:

num_allocs_failed_limit: 0.
num_arena_births: 242.
num_arena_deaths: 0.
num_vsnodes_births: 2.
num_vsnodes_deaths: 0.
num_space_committed: 215.
num_space_uncommitted: 0.
num_chunks_returned_to_freelist: 0.
num_chunks_taken_from_freelist: 477.
num_chunk_merges: 0.
num_chunk_splits: 318.
num_chunks_enlarged: 200.
num_inconsistent_stats: 0.

CodeHeap 'non-profiled nmethods': size=120000Kb used=633Kb max_used=633Kb free=119366Kb
 bounds [0x000001850fd40000, 0x000001850ffb0000, 0x0000018517270000]
CodeHeap 'profiled nmethods': size=120000Kb used=2597Kb max_used=2597Kb free=117402Kb
 bounds [0x0000018508270000, 0x0000018508500000, 0x000001850f7a0000]
CodeHeap 'non-nmethods': size=5760Kb used=2009Kb max_used=2024Kb free=3751Kb
 bounds [0x000001850f7a0000, 0x000001850fa10000, 0x000001850fd40000]
 total_blobs=2462 nmethods=1518 adapters=855
 compilation: enabled
              stopped_count=0, restarted_count=0
 full_count=0

Compilation events (20 events):
Event: 5.223 Thread 0x000001857f7c9db0 nmethod 1510 0x000001850fddd810 code [0x000001850fddd980, 0x000001850fddda50]
Event: 5.237 Thread 0x000001857f7c9db0 1511       3       java.util.ArrayList$Itr::next (66 bytes)
Event: 5.238 Thread 0x000001857f7c9db0 nmethod 1511 0x00000185084f4390 code [0x00000185084f4560, 0x00000185084f4928]
Event: 5.251 Thread 0x000001857f7c9db0 1512       1       com.jogamp.nativewindow.DefaultGraphicsDevice::getUniqueID (5 bytes)
Event: 5.252 Thread 0x000001857f7c9db0 nmethod 1512 0x000001850fdddb10 code [0x000001850fdddc80, 0x000001850fdddd48]
Event: 5.264 Thread 0x000001857f7c9db0 1513       3       java.security.CodeSource::matchCerts (254 bytes)
Event: 5.265 Thread 0x000001857f7c9db0 nmethod 1513 0x00000185084f4b10 code [0x00000185084f4d60, 0x00000185084f58f8]
Event: 5.296 Thread 0x000001857f7c9db0 1514       3       java.util.Collections$UnmodifiableCollection$1::hasNext (10 bytes)
Event: 5.296 Thread 0x000001857f7c9db0 nmethod 1514 0x00000185084f5c90 code [0x00000185084f5e20, 0x00000185084f5ff0]
Event: 5.297 Thread 0x000001857f7c9db0 1515   !   3       java.io.BufferedOutputStream::write (73 bytes)
Event: 5.297 Thread 0x000001857f7b7500 1518       4       java.util.HashSet::contains (9 bytes)
Event: 5.298 Thread 0x000001857f7c9db0 nmethod 1515 0x00000185084f6090 code [0x00000185084f6300, 0x00000185084f6f88]
Event: 5.298 Thread 0x000001857f7c9db0 1516       3       java.io.BufferedOutputStream::implWrite (71 bytes)
Event: 5.299 Thread 0x000001857f7c9db0 nmethod 1516 0x00000185084f7410 code [0x00000185084f7600, 0x00000185084f7cc0]
Event: 5.299 Thread 0x000001857f7c9db0 1517       3       java.io.BufferedOutputStream::growIfNeeded (59 bytes)
Event: 5.299 Thread 0x000001857f7c9db0 nmethod 1517 0x00000185084f7f10 code [0x00000185084f80c0, 0x00000185084f83c8]
Event: 5.299 Thread 0x000001857f7c9db0 1520       3       jdk.internal.loader.NativeLibraries::find (70 bytes)
Event: 5.300 Thread 0x000001857f7c9db0 nmethod 1520 0x00000185084f8510 code [0x00000185084f8720, 0x00000185084f8f30]
Event: 5.300 Thread 0x000001857f7c9db0 1519       3       jdk.internal.misc.VM::isModuleSystemInited (13 bytes)
Event: 5.300 Thread 0x000001857f7c9db0 nmethod 1519 0x00000185084f9190 code [0x00000185084f9320, 0x00000185084f9478]

GC Heap History (2 events):
Event: 3.792 GC heap before
{Heap before GC invocations=0 (full 0):
 garbage-first heap   total 120832K, used 23552K [0x000000008a600000, 0x0000000100000000)
  region size 1024K, 23 young (23552K), 0 survivors (0K)
 Metaspace       used 9804K, committed 9984K, reserved 1114112K
  class space    used 721K, committed 768K, reserved 1048576K
}
Event: 3.811 GC heap after
{Heap after GC invocations=1 (full 0):
 garbage-first heap   total 120832K, used 3792K [0x000000008a600000, 0x0000000100000000)
  region size 1024K, 3 young (3072K), 3 survivors (3072K)
 Metaspace       used 9804K, committed 9984K, reserved 1114112K
  class space    used 721K, committed 768K, reserved 1048576K
}

Dll operation events (19 events):
Event: 0.012 Loaded shared library C:\Users\Henry\.jdks\corretto-20\bin\java.dll
Event: 0.022 Loaded shared library C:\Users\Henry\.jdks\corretto-20\bin\jsvml.dll
Event: 0.121 Loaded shared library C:\Users\Henry\.jdks\corretto-20\bin\zip.dll
Event: 0.125 Loaded shared library C:\Users\Henry\.jdks\corretto-20\bin\instrument.dll
Event: 0.133 Loaded shared library C:\Users\Henry\.jdks\corretto-20\bin\net.dll
Event: 0.136 Loaded shared library C:\Users\Henry\.jdks\corretto-20\bin\nio.dll
Event: 0.142 Loaded shared library C:\Users\Henry\.jdks\corretto-20\bin\zip.dll
Event: 0.176 Loaded shared library C:\Program Files\JetBrains\IntelliJ IDEA 2023.1\bin\breakgen64.dll
Event: 0.188 Loaded shared library C:\Users\Henry\.jdks\corretto-20\bin\extnet.dll
Event: 0.222 Loaded shared library C:\Users\Henry\.jdks\corretto-20\bin\jimage.dll
Event: 0.235 Loaded shared library C:\Users\Henry\.jdks\corretto-20\bin\awt.dll
Event: 0.737 Loaded shared library C:\Users\Henry\AppData\Local\Temp\jogamp_0000\file_cache\jln1058943939585827994\jln5312772092459135697\natives\windows-amd64\gluegen_rt.dll
Event: 0.867 Loaded shared library C:\Users\Henry\.jdks\corretto-20\bin\jawt.dll
Event: 0.901 Loaded shared library C:\Users\Henry\AppData\Local\Temp\jogamp_0000\file_cache\jln1058943939585827994\jln5312772092459135697\natives\windows-amd64\nativewindow_awt.dll
Event: 1.141 Loaded shared library C:\Users\Henry\AppData\Local\Temp\jogamp_0000\file_cache\jln1058943939585827994\jln5312772092459135697\natives\windows-amd64\nativewindow_win32.dll
Event: 1.820 Loaded shared library C:\Users\Henry\AppData\Local\Temp\jogamp_0000\file_cache\jln1058943939585827994\jln5312772092459135697\natives\windows-amd64\jogl_desktop.dll
Event: 2.792 Loaded shared library C:\Users\Henry\AppData\Local\Temp\jogamp_0000\file_cache\jln1058943939585827994\jln5312772092459135697\natives\windows-amd64\jogl_mobile.dll
Event: 5.074 Loaded shared library C:\Users\Henry\.jdks\corretto-20\bin\freetype.dll
Event: 5.077 Loaded shared library C:\Users\Henry\.jdks\corretto-20\bin\fontmanager.dll

Deoptimization events (20 events):
Event: 5.133 Thread 0x000001851db3ce20 Uncommon trap: trap_request=0xffffff45 fr.pc=0x000001850fdcbd20 relative=0x0000000000000260
Event: 5.133 Thread 0x000001851db3ce20 Uncommon trap: reason=unstable_if action=reinterpret pc=0x000001850fdcbd20 method=java.awt.Component.isDisplayable()Z @ 4 c2
Event: 5.133 Thread 0x000001851db3ce20 DEOPT PACKING pc=0x000001850fdcbd20 sp=0x00000026521ff030
Event: 5.133 Thread 0x000001851db3ce20 DEOPT UNPACKING pc=0x000001850f809d22 sp=0x00000026521fef30 mode 2
Event: 5.133 Thread 0x000001851db3ce20 Uncommon trap: trap_request=0xffffff45 fr.pc=0x000001850fdc4944 relative=0x0000000000000284
Event: 5.133 Thread 0x000001851db3ce20 Uncommon trap: reason=unstable_if action=reinterpret pc=0x000001850fdc4944 method=java.awt.Component.isDisplayable()Z @ 4 c2
Event: 5.133 Thread 0x000001851db3ce20 DEOPT PACKING pc=0x000001850fdc4944 sp=0x00000026521fefd0
Event: 5.133 Thread 0x000001851db3ce20 DEOPT UNPACKING pc=0x000001850f809d22 sp=0x00000026521fef30 mode 2
Event: 5.143 Thread 0x000001857bcc63c0 Uncommon trap: trap_request=0xffffff45 fr.pc=0x000001850fd9aa74 relative=0x00000000000000f4
Event: 5.143 Thread 0x000001857bcc63c0 Uncommon trap: reason=unstable_if action=reinterpret pc=0x000001850fd9aa74 method=java.util.Arrays.equals([Ljava/lang/Object;[Ljava/lang/Object;)Z @ 23 c2
Event: 5.143 Thread 0x000001857bcc63c0 DEOPT PACKING pc=0x000001850fd9aa74 sp=0x000000264f6fe650
Event: 5.143 Thread 0x000001857bcc63c0 DEOPT UNPACKING pc=0x000001850f809d22 sp=0x000000264f6fe5e8 mode 2
Event: 5.196 Thread 0x000001851db3e360 Uncommon trap: trap_request=0xffffff66 fr.pc=0x000001850fdc341c relative=0x000000000000009c
Event: 5.196 Thread 0x000001851db3e360 Uncommon trap: reason=speculate_class_check action=maybe_recompile pc=0x000001850fdc341c method=java.lang.Thread.isVirtual()Z @ 1 c2
Event: 5.196 Thread 0x000001851db3e360 DEOPT PACKING pc=0x000001850fdc341c sp=0x00000026524fe0c0
Event: 5.196 Thread 0x000001851db3e360 DEOPT UNPACKING pc=0x000001850f809d22 sp=0x00000026524fe000 mode 2
Event: 5.298 Thread 0x000001851db3e360 Uncommon trap: trap_request=0xffffff45 fr.pc=0x000001850fdda19c relative=0x00000000000001bc
Event: 5.298 Thread 0x000001851db3e360 Uncommon trap: reason=unstable_if action=reinterpret pc=0x000001850fdda19c method=com.jogamp.opengl.awt.GLCanvas.display()V @ 4 c2
Event: 5.298 Thread 0x000001851db3e360 DEOPT PACKING pc=0x000001850fdda19c sp=0x00000026524fe5a0
Event: 5.298 Thread 0x000001851db3e360 DEOPT UNPACKING pc=0x000001850f809d22 sp=0x00000026524fe570 mode 2

Classes loaded (20 events):
Event: 5.223 Loading class java/text/AttributedString
Event: 5.223 Loading class java/text/AttributedString done
Event: 5.224 Loading class java/text/AttributedString$AttributedStringIterator
Event: 5.224 Loading class java/text/AttributedCharacterIterator
Event: 5.224 Loading class java/text/CharacterIterator
Event: 5.224 Loading class java/text/CharacterIterator done
Event: 5.224 Loading class java/text/AttributedCharacterIterator done
Event: 5.224 Loading class java/text/AttributedString$AttributedStringIterator done
Event: 5.224 Loading class java/awt/TextComponent
Event: 5.225 Loading class java/awt/TextComponent done
Event: 5.225 Loading class javax/swing/text/JTextComponent
Event: 5.225 Loading class javax/swing/Scrollable
Event: 5.225 Loading class javax/swing/Scrollable done
Event: 5.226 Loading class javax/swing/text/JTextComponent done
Event: 5.295 Loading class java/lang/Throwable$WrappedPrintStream
Event: 5.295 Loading class java/lang/Throwable$PrintStreamOrWriter
Event: 5.295 Loading class java/lang/Throwable$PrintStreamOrWriter done
Event: 5.295 Loading class java/lang/Throwable$WrappedPrintStream done
Event: 5.295 Loading class java/lang/StackTraceElement$HashedModules
Event: 5.296 Loading class java/lang/StackTraceElement$HashedModules done

Classes unloaded (0 events):
No events

Classes redefined (0 events):
No events

Internal exceptions (20 events):
Event: 1.064 Thread 0x000001857f7b1570 Exception <a 'java/lang/NoSuchMethodError'{0x0000000091289208}: 'java.lang.Object java.lang.invoke.Invokers$Holder.invokeExact_MT(java.lang.Object, java.lang.Object, java.lang.Object, java.lang.Object, java.lang.Object, java.lang.Object)'> (0x0000000091289208) 
thrown [s\src\hotspot\share\interpreter\linkResolver.cpp, line 773]
Event: 1.826 Thread 0x000001857bcc63c0 Exception <a 'java/lang/NoSuchMethodError'{0x0000000090d4a538}: 'long java.lang.invoke.DelegatingMethodHandle$Holder.reinvoke_L(java.lang.Object, java.lang.Object)'> (0x0000000090d4a538) 
thrown [s\src\hotspot\share\interpreter\linkResolver.cpp, line 773]
Event: 1.828 Thread 0x000001857bcc63c0 Exception <a 'java/lang/NoSuchMethodError'{0x0000000090d542f8}: 'void java.lang.invoke.DelegatingMethodHandle$Holder.reinvoke_L(java.lang.Object, java.lang.Object, long)'> (0x0000000090d542f8) 
thrown [s\src\hotspot\share\interpreter\linkResolver.cpp, line 773]
Event: 3.876 Thread 0x000001851db3b8e0 Exception <a 'java/lang/NoSuchMethodError'{0x0000000091814650}: 'void java.lang.invoke.DirectMethodHandle$Holder.invokeSpecial(java.lang.Object, java.lang.Object, java.lang.Object)'> (0x0000000091814650) 
thrown [s\src\hotspot\share\interpreter\linkResolver.cpp, line 773]
Event: 3.902 Thread 0x000001851db3b8e0 Exception <a 'java/lang/NoSuchMethodError'{0x000000009182a9c8}: 'long java.lang.invoke.Invokers$Holder.invokeExact_MT(java.lang.Object, java.lang.Object, java.lang.Object)'> (0x000000009182a9c8) 
thrown [s\src\hotspot\share\interpreter\linkResolver.cpp, line 773]
Event: 4.957 Thread 0x000001857bcc63c0 Exception <a 'java/lang/NoSuchMethodError'{0x00000000913863d8}: 'java.lang.Object java.lang.invoke.DirectMethodHandle$Holder.newInvokeSpecial(java.lang.Object, java.lang.Object, java.lang.Object, java.lang.Object, java.lang.Object)'> (0x00000000913863d8) 
thrown [s\src\hotspot\share\interpreter\linkResolver.cpp, line 773]
Event: 4.966 Thread 0x000001857bcc63c0 Exception <a 'java/lang/NoSuchMethodError'{0x00000000913b6688}: 'java.lang.Object java.lang.invoke.DirectMethodHandle$Holder.invokeStatic(java.lang.Object, int, java.lang.Object)'> (0x00000000913b6688) 
thrown [s\src\hotspot\share\interpreter\linkResolver.cpp, line 773]
Event: 5.002 Thread 0x000001857bcc63c0 Exception <a 'java/lang/ClassNotFoundException'{0x00000000912755f0}: com/sun/swing/internal/plaf/metal/resources/spi/metalProvider> (0x00000000912755f0) 
thrown [s\src\hotspot\share\classfile\systemDictionary.cpp, line 305]
Event: 5.004 Thread 0x000001857bcc63c0 Exception <a 'java/lang/ClassNotFoundException'{0x0000000091279570}: com/sun/swing/internal/plaf/basic/resources/spi/basicProvider> (0x0000000091279570) 
thrown [s\src\hotspot\share\classfile\systemDictionary.cpp, line 305]
Event: 5.013 Thread 0x000001857bcc63c0 Implicit null exception at 0x000001850fdbe84d to 0x000001850fdbf2b8
Event: 5.016 Thread 0x000001857bcc63c0 Exception <a 'java/lang/NoSuchMethodError'{0x00000000912945c0}: 'int java.lang.invoke.Invokers$Holder.invokeExact_MT(java.lang.Object, java.lang.Object)'> (0x00000000912945c0) 
thrown [s\src\hotspot\share\interpreter\linkResolver.cpp, line 773]
Event: 5.017 Thread 0x000001857bcc63c0 Implicit null exception at 0x000001850fda2498 to 0x000001850fda26b4
Event: 5.018 Thread 0x000001857bcc63c0 Implicit null exception at 0x000001850fd92d18 to 0x000001850fd92f2c
Event: 5.031 Thread 0x000001851da40ec0 Exception <a 'java/lang/NoSuchMethodError'{0x00000000912a5218}: 'void java.lang.invoke.DirectMethodHandle$Holder.invokeVirtual(java.lang.Object, java.lang.Object)'> (0x00000000912a5218) 
thrown [s\src\hotspot\share\interpreter\linkResolver.cpp, line 773]
Event: 5.066 Thread 0x000001857bcc63c0 Exception <a 'java/lang/NoSuchMethodError'{0x0000000091107cf8}: 'void java.lang.invoke.DirectMethodHandle$Holder.invokeStaticInit(java.lang.Object)'> (0x0000000091107cf8) 
thrown [s\src\hotspot\share\interpreter\linkResolver.cpp, line 773]
Event: 5.124 Thread 0x000001857bcc63c0 Exception <a 'java/lang/NoSuchMethodError'{0x00000000911738b8}: 'java.lang.Object java.lang.invoke.DirectMethodHandle$Holder.invokeStatic(java.lang.Object, java.lang.Object, int)'> (0x00000000911738b8) 
thrown [s\src\hotspot\share\interpreter\linkResolver.cpp, line 773]
Event: 5.125 Thread 0x000001857bcc63c0 Implicit null exception at 0x000001850fd9b5ef to 0x000001850fd9b824
Event: 5.125 Thread 0x000001857bcc63c0 Exception <a 'java/lang/NoSuchMethodError'{0x000000009117abf8}: 'int java.lang.invoke.DirectMethodHandle$Holder.invokeSpecial(java.lang.Object, java.lang.Object, java.lang.Object, int)'> (0x000000009117abf8) 
thrown [s\src\hotspot\share\interpreter\linkResolver.cpp, line 773]
Event: 5.128 Thread 0x000001857bcc63c0 Exception <a 'java/lang/NoSuchMethodError'{0x000000009118cc30}: 'java.lang.Object java.lang.invoke.DirectMethodHandle$Holder.invokeStatic(java.lang.Object, java.lang.Object, java.lang.Object, java.lang.Object, int)'> (0x000000009118cc30) 
thrown [s\src\hotspot\share\interpreter\linkResolver.cpp, line 773]
Event: 5.294 Thread 0x000001851db3e360 Exception <a 'java/lang/ArrayIndexOutOfBoundsException'{0x0000000091028d38}: Index 1 out of bounds for length 1> (0x0000000091028d38) 
thrown [s\src\hotspot\share\interpreter\interpreterRuntime.cpp, line 439]

VM Operations (20 events):
Event: 1.081 Executing VM operation: HandshakeAllThreads
Event: 1.081 Executing VM operation: HandshakeAllThreads done
Event: 1.081 Executing VM operation: Cleanup
Event: 1.081 Executing VM operation: Cleanup done
Event: 1.093 Executing VM operation: HandshakeAllThreads
Event: 1.093 Executing VM operation: HandshakeAllThreads done
Event: 1.094 Executing VM operation: HandshakeAllThreads
Event: 1.094 Executing VM operation: HandshakeAllThreads done
Event: 2.094 Executing VM operation: Cleanup
Event: 2.094 Executing VM operation: Cleanup done
Event: 3.094 Executing VM operation: Cleanup
Event: 3.094 Executing VM operation: Cleanup done
Event: 3.792 Executing VM operation: G1CollectForAllocation
Event: 3.811 Executing VM operation: G1CollectForAllocation done
Event: 4.929 Executing VM operation: HandshakeAllThreads
Event: 4.929 Executing VM operation: HandshakeAllThreads done
Event: 4.929 Executing VM operation: Cleanup
Event: 4.929 Executing VM operation: Cleanup done
Event: 5.214 Executing VM operation: HandshakeAllThreads
Event: 5.214 Executing VM operation: HandshakeAllThreads done

Events (20 events):
Event: 0.177 Thread 0x000001851d7133d0 Thread added: 0x000001851d7133d0
Event: 0.177 Thread 0x000001851d7159c0 Thread added: 0x000001851d7159c0
Event: 0.273 Thread 0x000001851d721b70 Thread added: 0x000001851d721b70
Event: 0.686 Thread 0x000001851d9acd10 Thread added: 0x000001851d9acd10
Event: 0.700 Thread 0x000001851d9acd10 Thread exited: 0x000001851d9acd10
Event: 0.852 Thread 0x000001851d9e4a20 Thread added: 0x000001851d9e4a20
Event: 0.853 Thread 0x000001851da3e0e0 Thread added: 0x000001851da3e0e0
Event: 0.855 Thread 0x000001851da40ec0 Thread added: 0x000001851da40ec0
Event: 1.087 Thread 0x000001851db3ae40 Thread added: 0x000001851db3ae40
Event: 1.844 Thread 0x000001851db3b8e0 Thread added: 0x000001851db3b8e0
Event: 2.131 Thread 0x000001851da3e0e0 Thread exited: 0x000001851da3e0e0
Event: 2.143 Thread 0x000001851db3ae40 Thread exited: 0x000001851db3ae40
Event: 4.911 Thread 0x000001851db3ce20 Thread added: 0x000001851db3ce20
Event: 4.931 Thread 0x0000018526b09800 Thread added: 0x0000018526b09800
Event: 5.023 Thread 0x000001851db3d8c0 Thread added: 0x000001851db3d8c0
Event: 5.031 Thread 0x000001851db3e360 Thread added: 0x000001851db3e360
Event: 5.191 Thread 0x000001857bcc63c0 Thread exited: 0x000001857bcc63c0
Event: 5.191 Thread 0x000001851db3de10 Thread added: 0x000001851db3de10
Event: 5.196 Thread 0x000001851db3ae40 Thread added: 0x000001851db3ae40
Event: 5.300 Thread 0x000001851db3ce20 Thread exited: 0x000001851db3ce20


Dynamic libraries:
0x00007ff7de0b0000 - 0x00007ff7de0be000 	C:\Users\Henry\.jdks\corretto-20\bin\java.exe
0x00007ff8adad0000 - 0x00007ff8adcc8000 	C:\Windows\SYSTEM32\ntdll.dll
0x00007ff8abb10000 - 0x00007ff8abbcd000 	C:\Windows\System32\KERNEL32.DLL
0x00007ff8ab2d0000 - 0x00007ff8ab5c6000 	C:\Windows\System32\KERNELBASE.dll
0x00007ff8ab720000 - 0x00007ff8ab820000 	C:\Windows\System32\ucrtbase.dll
0x00007ff847380000 - 0x00007ff847397000 	C:\Users\Henry\.jdks\corretto-20\bin\jli.dll
0x00007ff847f10000 - 0x00007ff847f25000 	C:\Users\Henry\.jdks\corretto-20\bin\VCRUNTIME140.dll
0x00007ff8ac1c0000 - 0x00007ff8ac35e000 	C:\Windows\System32\USER32.dll
0x00007ff88e290000 - 0x00007ff88e52a000 	C:\Windows\WinSxS\amd64_microsoft.windows.common-controls_6595b64144ccf1df_6.0.19041.3636_none_60b6a03d71f818d5\COMCTL32.dll
0x00007ff8ab5d0000 - 0x00007ff8ab5f2000 	C:\Windows\System32\win32u.dll
0x00007ff8ac680000 - 0x00007ff8ac71e000 	C:\Windows\System32\msvcrt.dll
0x00007ff8ac3d0000 - 0x00007ff8ac3fb000 	C:\Windows\System32\GDI32.dll
0x00007ff8ab600000 - 0x00007ff8ab717000 	C:\Windows\System32\gdi32full.dll
0x00007ff8ab820000 - 0x00007ff8ab8bd000 	C:\Windows\System32\msvcp_win.dll
0x00007ff8ace80000 - 0x00007ff8aceb2000 	C:\Windows\System32\IMM32.DLL
0x00007ff882470000 - 0x00007ff88247c000 	C:\Users\Henry\.jdks\corretto-20\bin\vcruntime140_1.dll
0x00007ff846d20000 - 0x00007ff846dae000 	C:\Users\Henry\.jdks\corretto-20\bin\msvcp140.dll
0x00007ff8acb90000 - 0x00007ff8accbb000 	C:\Windows\System32\ole32.dll
0x00007ff8acec0000 - 0x00007ff8acfe6000 	C:\Windows\System32\RPCRT4.dll
0x00007ff8abe60000 - 0x00007ff8ac1b4000 	C:\Windows\System32\combase.dll
0x00007ff8098d0000 - 0x00007ff80a5d2000 	C:\Users\Henry\.jdks\corretto-20\bin\server\jvm.dll
0x00007ff8abc30000 - 0x00007ff8abce3000 	C:\Windows\System32\ADVAPI32.dll
0x00007ff8ad080000 - 0x00007ff8ad11f000 	C:\Windows\System32\sechost.dll
0x00007ff8aba90000 - 0x00007ff8abab7000 	C:\Windows\System32\bcrypt.dll
0x00007ff87e1e0000 - 0x00007ff87e1e9000 	C:\Windows\SYSTEM32\WSOCK32.dll
0x00007ff8a3a60000 - 0x00007ff8a3a6a000 	C:\Windows\SYSTEM32\VERSION.dll
0x00007ff89ca60000 - 0x00007ff89ca87000 	C:\Windows\SYSTEM32\WINMM.dll
0x00007ff8ac360000 - 0x00007ff8ac3cb000 	C:\Windows\System32\WS2_32.dll
0x00007ff8a9040000 - 0x00007ff8a9052000 	C:\Windows\SYSTEM32\kernel.appcore.dll
0x00007ff87bdf0000 - 0x00007ff87bdfa000 	C:\Users\Henry\.jdks\corretto-20\bin\jimage.dll
0x00007ff89c120000 - 0x00007ff89c304000 	C:\Windows\SYSTEM32\DBGHELP.DLL
0x00007ff897350000 - 0x00007ff897384000 	C:\Windows\SYSTEM32\dbgcore.DLL
0x00007ff8ab240000 - 0x00007ff8ab2c2000 	C:\Windows\System32\bcryptPrimitives.dll
0x00007ff8a5640000 - 0x00007ff8a564e000 	C:\Users\Henry\.jdks\corretto-20\bin\instrument.dll
0x00007ff845e10000 - 0x00007ff845e36000 	C:\Users\Henry\.jdks\corretto-20\bin\java.dll
0x00007ff814810000 - 0x00007ff8148e7000 	C:\Users\Henry\.jdks\corretto-20\bin\jsvml.dll
0x00007ff8ad340000 - 0x00007ff8ada85000 	C:\Windows\System32\SHELL32.dll
0x00007ff8a9240000 - 0x00007ff8a99dc000 	C:\Windows\SYSTEM32\windows.storage.dll
0x00007ff8aaaf0000 - 0x00007ff8aab1e000 	C:\Windows\SYSTEM32\Wldp.dll
0x00007ff8ad120000 - 0x00007ff8ad1ed000 	C:\Windows\System32\OLEAUT32.dll
0x00007ff8abd50000 - 0x00007ff8abdfd000 	C:\Windows\System32\SHCORE.dll
0x00007ff8ad1f0000 - 0x00007ff8ad245000 	C:\Windows\System32\shlwapi.dll
0x00007ff8ab0c0000 - 0x00007ff8ab0e5000 	C:\Windows\SYSTEM32\profapi.dll
0x00007ff846f80000 - 0x00007ff846f98000 	C:\Users\Henry\.jdks\corretto-20\bin\zip.dll
0x00007ff846d00000 - 0x00007ff846d13000 	C:\Users\Henry\.jdks\corretto-20\bin\net.dll
0x00007ff8a49c0000 - 0x00007ff8a4aca000 	C:\Windows\SYSTEM32\WINHTTP.dll
0x00007ff8aa850000 - 0x00007ff8aa8ba000 	C:\Windows\system32\mswsock.dll
0x00007ff83a990000 - 0x00007ff83a9a6000 	C:\Users\Henry\.jdks\corretto-20\bin\nio.dll
0x00007ff88caf0000 - 0x00007ff88cb0a000 	C:\Program Files\JetBrains\IntelliJ IDEA 2023.1\bin\breakgen64.dll
0x00007ff87ade0000 - 0x00007ff87ade7000 	C:\Users\Henry\.jdks\corretto-20\bin\extnet.dll
0x00007ff8512e0000 - 0x00007ff851470000 	C:\Users\Henry\.jdks\corretto-20\bin\awt.dll
0x00007ff8a8ac0000 - 0x00007ff8a8b50000 	C:\Windows\SYSTEM32\apphelp.dll
0x00007ff8aaa40000 - 0x00007ff8aaa58000 	C:\Windows\SYSTEM32\CRYPTSP.dll
0x00007ff8aa180000 - 0x00007ff8aa1b4000 	C:\Windows\system32\rsaenh.dll
0x00007ff8ab080000 - 0x00007ff8ab0ae000 	C:\Windows\SYSTEM32\USERENV.dll
0x00007ff8aaa60000 - 0x00007ff8aaa6c000 	C:\Windows\SYSTEM32\CRYPTBASE.dll
0x00007ff8aa540000 - 0x00007ff8aa57b000 	C:\Windows\SYSTEM32\IPHLPAPI.DLL
0x00007ff8ace70000 - 0x00007ff8ace78000 	C:\Windows\System32\NSI.dll
0x00007ff8a47b0000 - 0x00007ff8a47c7000 	C:\Windows\SYSTEM32\dhcpcsvc6.DLL
0x00007ff8a4e20000 - 0x00007ff8a4e3d000 	C:\Windows\SYSTEM32\dhcpcsvc.DLL
0x00007ff8aa580000 - 0x00007ff8aa64b000 	C:\Windows\SYSTEM32\DNSAPI.dll
0x00007ff88ca80000 - 0x00007ff88ca93000 	C:\Users\Henry\AppData\Local\Temp\jogamp_0000\file_cache\jln1058943939585827994\jln5312772092459135697\natives\windows-amd64\gluegen_rt.dll
0x00007ff8a8b70000 - 0x00007ff8a8c0e000 	C:\Windows\system32\uxtheme.dll
0x00007ff8ac4d0000 - 0x00007ff8ac5e4000 	C:\Windows\System32\MSCTF.dll
0x00007ff897560000 - 0x00007ff897567000 	C:\Users\Henry\.jdks\corretto-20\bin\jawt.dll
0x00007ff893990000 - 0x00007ff89399d000 	C:\Users\Henry\AppData\Local\Temp\jogamp_0000\file_cache\jln1058943939585827994\jln5312772092459135697\natives\windows-amd64\nativewindow_awt.dll
0x00007ff8a8d50000 - 0x00007ff8a8d7f000 	C:\Windows\system32\DWMAPI.DLL
0x00007ff83a860000 - 0x00007ff83a985000 	C:\Windows\system32\opengl32.dll
0x00007ff83ac70000 - 0x00007ff83ac9c000 	C:\Windows\SYSTEM32\GLU32.dll
0x00007ff846550000 - 0x00007ff84671d000 	C:\Windows\system32\d3d9.dll
0x00007ff89a2b0000 - 0x00007ff89a48b000 	C:\Windows\System32\DriverStore\FileRepository\u0369791.inf_amd64_9a5c9affcd91260f\B369632\aticfx64.dll
0x00007ff886f80000 - 0x00007ff886fb3000 	C:\Windows\System32\DriverStore\FileRepository\u0369791.inf_amd64_9a5c9affcd91260f\B369632\atiu9p64.dll
0x00007fffe79c0000 - 0x00007fffe871a000 	C:\Windows\System32\DriverStore\FileRepository\u0369791.inf_amd64_9a5c9affcd91260f\B369632\atiumd64.dll
0x0000000059820000 - 0x000000005a6eb000 	C:\Windows\System32\DriverStore\FileRepository\u0369791.inf_amd64_9a5c9affcd91260f\B369632\atiumd6a.dll
0x00007ff8aaff0000 - 0x00007ff8ab03b000 	C:\Windows\SYSTEM32\POWRPROF.dll
0x00007ff8aafd0000 - 0x00007ff8aafe2000 	C:\Windows\SYSTEM32\UMPDC.dll
0x00007ff8976b0000 - 0x00007ff8976e0000 	C:\Windows\SYSTEM32\amdihk64.dll
0x00007ff89a6a0000 - 0x00007ff89a6db000 	C:\Windows\SYSTEM32\dxcore.dll
0x00007ff8abac0000 - 0x00007ff8abb0e000 	C:\Windows\System32\cfgmgr32.dll
0x00007ff882da0000 - 0x00007ff882db5000 	C:\Users\Henry\AppData\Local\Temp\jogamp_0000\file_cache\jln1058943939585827994\jln5312772092459135697\natives\windows-amd64\nativewindow_win32.dll
0x00007ff874710000 - 0x00007ff874793000 	C:\Users\Henry\AppData\Local\Temp\jogamp_0000\file_cache\jln1058943939585827994\jln5312772092459135697\natives\windows-amd64\jogl_desktop.dll
0x00007ff876d60000 - 0x00007ff876db2000 	C:\Users\Henry\AppData\Local\Temp\jogamp_0000\file_cache\jln1058943939585827994\jln5312772092459135697\natives\windows-amd64\jogl_mobile.dll
0x00007ff8ac420000 - 0x00007ff8ac4c9000 	C:\Windows\System32\clbcatq.dll
0x00007ff8a33e0000 - 0x00007ff8a34e2000 	C:\Windows\System32\AppXDeploymentClient.dll
0x00007ff871210000 - 0x00007ff87123b000 	C:\Windows\System32\DriverStore\FileRepository\u0369791.inf_amd64_9a5c9affcd91260f\B369632\atig6pxx.dll
0x00007fffd12d0000 - 0x00007fffd40d8000 	C:\Windows\System32\DriverStore\FileRepository\u0369791.inf_amd64_9a5c9affcd91260f\B369632\atio6axx.dll
0x00007ff8ac720000 - 0x00007ff8acb8e000 	C:\Windows\System32\SETUPAPI.dll
0x00007ff848380000 - 0x00007ff8483a4000 	C:\Windows\SYSTEM32\dxva2.dll
0x00007ff8711d0000 - 0x00007ff87120c000 	C:\Windows\System32\DriverStore\FileRepository\u0369791.inf_amd64_9a5c9affcd91260f\B369632\atig6txx.dll
0x00007ff811c10000 - 0x00007ff811dc3000 	C:\Windows\SYSTEM32\atiadlxx.dll
0x00007ff8ad330000 - 0x00007ff8ad338000 	C:\Windows\System32\PSAPI.DLL
0x00007ff8a6d00000 - 0x00007ff8a6df6000 	C:\Windows\SYSTEM32\PROPSYS.dll
0x00007ff882df0000 - 0x00007ff882e39000 	C:\Windows\SYSTEM32\pdh.dll
0x00007ff8aae50000 - 0x00007ff8aae83000 	C:\Windows\SYSTEM32\DEVOBJ.dll
0x00007ff8ab8c0000 - 0x00007ff8ab927000 	C:\Windows\System32\WINTRUST.dll
0x00007ff8ab930000 - 0x00007ff8aba8d000 	C:\Windows\System32\CRYPT32.dll
0x00007ff8aac80000 - 0x00007ff8aac92000 	C:\Windows\SYSTEM32\MSASN1.dll
0x00007ff846790000 - 0x00007ff846816000 	C:\Users\Henry\.jdks\corretto-20\bin\freetype.dll
0x00007ff81a480000 - 0x00007ff81a544000 	C:\Users\Henry\.jdks\corretto-20\bin\fontmanager.dll
0x00007ff88cc30000 - 0x00007ff88cd29000 	C:\Windows\SYSTEM32\textinputframework.dll
0x00007ff8a8880000 - 0x00007ff8a8972000 	C:\Windows\System32\CoreMessaging.dll
0x00007ff8a8520000 - 0x00007ff8a887b000 	C:\Windows\System32\CoreUIComponents.dll
0x00007ff8aa2a0000 - 0x00007ff8aa2d3000 	C:\Windows\SYSTEM32\ntmarta.dll
0x00007ff8a71c0000 - 0x00007ff8a7315000 	C:\Windows\SYSTEM32\wintypes.dll

dbghelp: loaded successfully - version: 4.0.5 - missing functions: none
symbol engine: initialized successfully - sym options: 0x614 - pdb path: .;C:\Users\Henry\.jdks\corretto-20\bin;C:\Windows\SYSTEM32;C:\Windows\WinSxS\amd64_microsoft.windows.common-controls_6595b64144ccf1df_6.0.19041.3636_none_60b6a03d71f818d5;C:\Users\Henry\.jdks\corretto-20\bin\server;C:\Program Files\JetBrains\IntelliJ IDEA 2023.1\bin;C:\Users\Henry\AppData\Local\Temp\jogamp_0000\file_cache\jln1058943939585827994\jln5312772092459135697\natives\windows-amd64;C:\Windows\System32\DriverStore\FileRepository\u0369791.inf_amd64_9a5c9affcd91260f\B369632

VM Arguments:
jvm_args: --add-exports=java.base/java.lang=ALL-UNNAMED --add-exports=java.desktop/sun.awt=ALL-UNNAMED --add-exports=java.desktop/sun.java2d=ALL-UNNAMED -javaagent:C:\Program Files\JetBrains\IntelliJ IDEA 2023.1\lib\idea_rt.jar=61713:C:\Program Files\JetBrains\IntelliJ IDEA 2023.1\bin -Dfile.encoding=UTF-8 -Dsun.stdout.encoding=UTF-8 -Dsun.stderr.encoding=UTF-8 
java_command: org.basics.FarrelMovingLine -Dsun.java2d.d3d=false
java_class_path (initial): C:\Users\Henry\OneDrive\Desktop\Programming Projects\OpenGL Testing\target\classes;C:\Users\Henry\.m2\repository\com\jtransc\jtransc-rt\0.5.0-ALPHA4\jtransc-rt-0.5.0-ALPHA4.jar;C:\Users\Henry\.m2\repository\com\jtransc\jtransc-rt-core\0.5.0-ALPHA4\jtransc-rt-core-0.5.0-ALPHA4.jar;C:\Users\Henry\.m2\repository\org\jogamp\jogl\jogl-all-main\2.5.0\jogl-all-main-2.5.0.jar;C:\Users\Henry\.m2\repository\org\jogamp\jogl\jogl-all\2.5.0\jogl-all-2.5.0.jar;C:\Users\Henry\.m2\repository\org\jogamp\jogl\jogl-all\2.5.0\jogl-all-2.5.0-natives-android-aarch64.jar;C:\Users\Henry\.m2\repository\org\jogamp\jogl\jogl-all\2.5.0\jogl-all-2.5.0-natives-linux-amd64.jar;C:\Users\Henry\.m2\repository\org\jogamp\jogl\jogl-all\2.5.0\jogl-all-2.5.0-natives-linux-armv6hf.jar;C:\Users\Henry\.m2\repository\org\jogamp\jogl\jogl-all\2.5.0\jogl-all-2.5.0-natives-linux-aarch64.jar;C:\Users\Henry\.m2\repository\org\jogamp\jogl\jogl-all\2.5.0\jogl-all-2.5.0-natives-macosx-universal.jar;C:\Users\Henry\.m2\repository\org\jogamp\jogl\jogl-all\2.5.0\jogl-all-2.5.0-natives-windows-amd64.jar;C:\Users\Henry\.m2\repository\org\jogamp\gluegen\gluegen-rt-main\2.5.0\gluegen-rt-main-2.5.0.jar;C:\Users\Henry\.m2\repository\org\jogamp\gluegen\gluegen-rt\2.5.0\gluegen-rt-2.5.0.jar;C:\Users\Henry\.m2\repository\org\jogamp\gluegen\gluegen-rt\2.5.0\gluegen-rt-2.5.0-natives-android-aarch64.jar;C:\Users\Henry\.m2\repository\org\jogamp\gluegen\gluegen-rt\2.5.0\gluegen-rt-2.5.0-natives-linux-amd64.jar;C:\Users\Henry\.m2\repository\org\jogamp\gluegen\gluegen-rt\2.5.0\gluegen-rt-2.5.0-natives-linux-armv6hf.jar;C:\Users\Henry\.m2\repository\org\jogamp\gluegen\gluegen-rt\2.5.0\gluegen-rt-2.5.0-natives-linux-aarch64.jar;C:\Users\Henry\.m2\repository\org\jogamp\gluegen\gluegen-rt\2.5.0\gluegen-rt-2.5.0-natives-macosx-universal.jar;C:\Users\Henry\.m2\repository\org\jogamp\gluegen\gluegen-rt\2.5.0\gluegen-rt-2.5.0-natives-windows-amd64.jar;C:\Users\Henry\.m2\repository\antlr\antlr\2.7.7\antlr-2.7.7.jar;C:\Users\Henry\.m2\repository\org\webjars\npm\bufferutil\4.0.7\bufferutil-4.0.7.jar;C:\Users\Henry\.m2\repository\org\webjars\npm\node-gyp-build\4.6.0\node-gyp-build-4.6.0.jar
Launcher Type: SUN_STANDARD

[Global flags]
     intx CICompilerCount                          = 4                                         {product} {ergonomic}
     uint ConcGCThreads                            = 3                                         {product} {ergonomic}
     uint G1ConcRefinementThreads                  = 10                                        {product} {ergonomic}
   size_t G1HeapRegionSize                         = 1048576                                   {product} {ergonomic}
    uintx GCDrainStackTargetSize                   = 64                                        {product} {ergonomic}
   size_t InitialHeapSize                          = 123731968                                 {product} {ergonomic}
   size_t MarkStackSize                            = 4194304                                   {product} {ergonomic}
   size_t MaxHeapSize                              = 1973420032                                {product} {ergonomic}
   size_t MaxNewSize                               = 1183842304                                {product} {ergonomic}
   size_t MinHeapDeltaBytes                        = 1048576                                   {product} {ergonomic}
   size_t MinHeapSize                              = 8388608                                   {product} {ergonomic}
    uintx NonNMethodCodeHeapSize                   = 5839372                                {pd product} {ergonomic}
    uintx NonProfiledCodeHeapSize                  = 122909434                              {pd product} {ergonomic}
    uintx ProfiledCodeHeapSize                     = 122909434                              {pd product} {ergonomic}
    uintx ReservedCodeCacheSize                    = 251658240                              {pd product} {ergonomic}
     bool SegmentedCodeCache                       = true                                      {product} {ergonomic}
   size_t SoftMaxHeapSize                          = 1973420032                             {manageable} {ergonomic}
     bool UseCompressedClassPointers               = true                           {product lp64_product} {ergonomic}
     bool UseCompressedOops                        = true                           {product lp64_product} {ergonomic}
     bool UseG1GC                                  = true                                      {product} {ergonomic}
     bool UseLargePagesIndividualAllocation        = false                                  {pd product} {ergonomic}

Logging:
Log output configuration:
 #0: stdout all=warning uptime,level,tags foldmultilines=false
 #1: stderr all=off uptime,level,tags foldmultilines=false

Environment Variables:
PATH=C:\Program Files\Java\jdk-20\bin;C:\Program Files (x86)\Common Files\Oracle\Java\javapath;C:\Windows\system32;C:\Windows;C:\Windows\System32\Wbem;C:\Windows\System32\WindowsPowerShell\v1.0\;C:\Windows\System32\OpenSSH\;C:\Program Files\Git\cmd;C:\Program Files (x86)\McLaren Electronic Systems\ATLAS 9\Bin\;C:\Program Files (x86)\McLaren Electronic Systems\ATLAS 9\DotNet64BitApi\;;C:\Program Files\NVIDIA Corporation\NVIDIA NvDLISR;C:\Users\Henry\AppData\Local\Programs\Python\Python311\Scripts\;C:\Users\Henry\AppData\Local\Programs\Python\Python311\;C:\Users\Henry\AppData\Local\Microsoft\WindowsApps;C:\Users\Henry\AppData\Local\GitHubDesktop\bin;C:\Users\Henry\AppData\Local\Programs\Microsoft VS Code\bin;C:\Users\Henry\AppData\Local\php;C:\Users\Henry\AppData\Local\JetBrains\RPlugin;C:\Users\Henry\.m2\wrapper\dists\apache-maven-3.8.6-bin\1ks0nkde5v1pk9vtc31i9d0lcd\apache-maven-3.8.6\bin;C:\Users\Henry\MinGW\bin;C:\OCaml64\bin;C:\OCaml64;
USERNAME=Henry
OS=Windows_NT
PROCESSOR_IDENTIFIER=AMD64 Family 25 Model 80 Stepping 0, AuthenticAMD
TMP=C:\Users\Henry\AppData\Local\Temp
TEMP=C:\Users\Henry\AppData\Local\Temp




---------------  S Y S T E M  ---------------

OS:
 Windows 10 , 64 bit Build 19041 (10.0.19041.3636)
OS uptime: 6 days 18:10 hours

CPU: total 12 (initial active 12) (12 cores per cpu, 2 threads per core) family 25 model 80 stepping 0 microcode 0x0, cx8, cmov, fxsr, ht, mmx, 3dnowpref, sse, sse2, sse3, ssse3, sse4a, sse4.1, sse4.2, popcnt, lzcnt, tsc, tscinvbit, avx, avx2, aes, erms, clmul, bmi1, bmi2, adx, sha, fma, vzeroupper, clflush, clflushopt, rdtscp, rdpid, fsrm, f16c, pku, cet_ss

Memory: 4k page, system-wide physical 7523M (437M free)
TotalPageFile size 31075M (AvailPageFile size 9235M)
current process WorkingSet (physical memory assigned to process): 140M, peak: 152M
current process commit charge ("private bytes"): 346M, peak: 349M

vm_info: OpenJDK 64-Bit Server VM (20+36-FR) for windows-amd64 JRE (20+36-FR), built on 2023-02-21T01:06:55Z by "administrator" with unknown MS VC++:1934

END.
