#
# A fatal error has been detected by the Java Runtime Environment:
#
#  EXCEPTION_ACCESS_VIOLATION (0xc0000005) at pc=0x00007ffa11a9911e, pid=4800, tid=13832
#
# JRE version: OpenJDK Runtime Environment Corretto-20.0.0.36.1 (20.0+36) (build 20+36-FR)
# Java VM: OpenJDK 64-Bit Server VM Corretto-20.0.0.36.1 (20+36-FR, mixed mode, sharing, tiered, compressed oops, compressed class ptrs, g1 gc, windows-amd64)
# Problematic frame:
# C  [atio6axx.dll+0x159911e]
#
# No core dump will be written. Minidumps are not enabled by default on client versions of Windows
#
# If you would like to submit a bug report, please visit:
#   https://github.com/corretto/corretto-20/issues/
# The crash happened outside the Java Virtual Machine in native code.
# See problematic frame for where to report the bug.
#

---------------  S U M M A R Y ------------

Command Line: --add-exports=java.base/java.lang=ALL-UNNAMED --add-exports=java.desktop/sun.awt=ALL-UNNAMED --add-exports=java.desktop/sun.java2d=ALL-UNNAMED -javaagent:C:\Program Files\JetBrains\IntelliJ IDEA 2023.1\lib\idea_rt.jar=59148:C:\Program Files\JetBrains\IntelliJ IDEA 2023.1\bin -Dfile.encoding=UTF-8 -Dsun.stdout.encoding=UTF-8 -Dsun.stderr.encoding=UTF-8 org.basics.DialWithBuffer

Host: AMD Ryzen 5 5600H with Radeon Graphics         , 12 cores, 7G,  Windows 10 , 64 bit Build 19041 (10.0.19041.3636)
Time: Sun Dec 17 13:35:14 2023 Central Standard Time elapsed time: 3.349707 seconds (0d 0h 0m 3s)

---------------  T H R E A D  ---------------

Current thread (0x000001d5c2d44060):  JavaThread "AWT-EventQueue-0" [_thread_in_native, id=13832, stack(0x0000006125700000,0x0000006125800000)]

Stack: [0x0000006125700000,0x0000006125800000],  sp=0x00000061257fe110,  free space=1016k
Native frames: (J=compiled Java code, j=interpreted, Vv=VM code, C=native code)
C  [atio6axx.dll+0x159911e]

Java frames: (J=compiled Java code, j=interpreted, Vv=VM code)
j  jogamp.opengl.gl4.GL4bcImpl.dispatch_glBufferDataDelegate1(IJLjava/lang/Object;IZIJ)V+0
j  jogamp.opengl.gl4.GL4bcImpl.glBufferDataDelegate(IJLjava/nio/Buffer;I)V+88
j  jogamp.opengl.gl4.GL4bcImpl.access$000(Ljogamp/opengl/gl4/GL4bcImpl;IJLjava/nio/Buffer;I)V+7
j  jogamp.opengl.gl4.GL4bcImpl$1.create(IJLjava/nio/Buffer;I)V+10
j  jogamp.opengl.GLBufferObjectTracker.createBufferStorage(Ljogamp/opengl/GLBufferStateTracker;Lcom/jogamp/opengl/GL;IJLjava/nio/Buffer;IILjogamp/opengl/GLBufferObjectTracker$CreateStorageDispatch;)V+222
j  jogamp.opengl.gl4.GL4bcImpl.glBufferData(IJLjava/nio/Buffer;I)V+20
j  org.basics.DialWithBuffer.init(Lcom/jogamp/opengl/GLAutoDrawable;)V+176
j  jogamp.opengl.GLDrawableHelper.init(Lcom/jogamp/opengl/GLEventListener;Lcom/jogamp/opengl/GLAutoDrawable;Z)V+2
j  jogamp.opengl.GLDrawableHelper.init(Lcom/jogamp/opengl/GLAutoDrawable;Z)V+81
j  com.jogamp.opengl.awt.GLCanvas$9.run()V+26
j  jogamp.opengl.GLDrawableHelper.invokeGLImpl(Lcom/jogamp/opengl/GLDrawable;Lcom/jogamp/opengl/GLContext;Ljava/lang/Runnable;Ljava/lang/Runnable;)V+199
j  jogamp.opengl.GLDrawableHelper.invokeGL(Lcom/jogamp/opengl/GLDrawable;Lcom/jogamp/opengl/GLContext;Ljava/lang/Runnable;Ljava/lang/Runnable;)V+75
j  com.jogamp.opengl.awt.GLCanvas$11.run()V+104
j  java.awt.event.InvocationEvent.dispatch()V+11 java.desktop@20
j  java.awt.EventQueue.dispatchEventImpl(Ljava/awt/AWTEvent;Ljava/lang/Object;)V+21 java.desktop@20
j  java.awt.EventQueue$4.run()Ljava/lang/Void;+32 java.desktop@20
j  java.awt.EventQueue$4.run()Ljava/lang/Object;+1 java.desktop@20
j  java.security.AccessController.executePrivileged(Ljava/security/PrivilegedAction;Ljava/security/AccessControlContext;Ljava/lang/Class;)Ljava/lang/Object;+29 java.base@20
j  java.security.AccessController.doPrivileged(Ljava/security/PrivilegedAction;Ljava/security/AccessControlContext;)Ljava/lang/Object;+13 java.base@20
j  java.security.ProtectionDomain$JavaSecurityAccessImpl.doIntersectionPrivilege(Ljava/security/PrivilegedAction;Ljava/security/AccessControlContext;Ljava/security/AccessControlContext;)Ljava/lang/Object;+18 java.base@20
j  java.awt.EventQueue.dispatchEvent(Ljava/awt/AWTEvent;)V+46 java.desktop@20
j  java.awt.EventDispatchThread.pumpOneEventForFilters(I)V+81 java.desktop@20
j  java.awt.EventDispatchThread.pumpEventsForFilter(ILjava/awt/Conditional;Ljava/awt/EventFilter;)V+35 java.desktop@20
j  java.awt.EventDispatchThread.pumpEventsForHierarchy(ILjava/awt/Conditional;Ljava/awt/Component;)V+11 java.desktop@20
j  java.awt.EventDispatchThread.pumpEvents(ILjava/awt/Conditional;)V+4 java.desktop@20
j  java.awt.EventDispatchThread.pumpEvents(Ljava/awt/Conditional;)V+3 java.desktop@20
j  java.awt.EventDispatchThread.run()V+9 java.desktop@20
v  ~StubRoutines::call_stub 0x000001d5b0e7100d

siginfo: EXCEPTION_ACCESS_VIOLATION (0xc0000005), reading address 0x000001d5cbfd6000


Registers:
RAX=0xffffffffffffe100, RBX=0x000001d5cbfd5fa0, RCX=0x0000000000000032, RDX=0x000001d5cbfd5990
RSP=0x00000061257fe110, RBP=0x0000000000000030, RSI=0x000001d5ce550610, RDI=0x000001d5c8e1c0b8
R8 =0x0000000000000010, R9 =0x00007ffa10500000, R10=0x000001d5cbfd5990, R11=0x000001d5ce550000
R12=0x0000000000000001, R13=0x0000000000000000, R14=0x00000061257fe358, R15=0x0000000000000408
RIP=0x00007ffa11a9911e, EFLAGS=0x0000000000010202


Register to memory mapping:

RIP=0x00007ffa11a9911e atio6axx.dll
RAX=0xffffffffffffe100 is an unknown value
RBX=0x000001d5cbfd5fa0 points into unknown readable memory: 0x0000000000000000 | 00 00 00 00 00 00 00 00
RCX=0x0000000000000032 is an unknown value
RDX=0x000001d5cbfd5990 points into unknown readable memory: 0x0000000000000000 | 00 00 00 00 00 00 00 00
RSP=0x00000061257fe110 is pointing into the stack for thread: 0x000001d5c2d44060
RBP=0x0000000000000030 is an unknown value
RSI=0x000001d5ce550610 points into unknown readable memory: 0x0000000000000000 | 00 00 00 00 00 00 00 00
RDI=0x000001d5c8e1c0b8 points into unknown readable memory: 0x00007ffa12cc7260 | 60 72 cc 12 fa 7f 00 00
R8 =0x0000000000000010 is an unknown value
R9 =0x00007ffa10500000 atio6axx.dll
R10=0x000001d5cbfd5990 points into unknown readable memory: 0x0000000000000000 | 00 00 00 00 00 00 00 00
R11=0x000001d5ce550000 points into unknown readable memory: 0x0000000000000000 | 00 00 00 00 00 00 00 00
R12=0x0000000000000001 is an unknown value
R13=0x0 is NULL
R14=0x00000061257fe358 is pointing into the stack for thread: 0x000001d5c2d44060
R15=0x0000000000000408 is an unknown value


Top of Stack: (sp=0x00000061257fe110)
0x00000061257fe110:   0000000000000000 00000061257fe358
0x00000061257fe120:   000001d5c8e1c0b8 0000000000001f40
0x00000061257fe130:   0000000000001f40 00007ffa118efe73
0x00000061257fe140:   000001d5c8e1c0b8 00000061257fe350
0x00000061257fe150:   0000000000000008 0000000000000000
0x00000061257fe160:   000000610000000c 000001d500000003
0x00000061257fe170:   000001d5c2ab16b8 00007ffa3f4ccccd
0x00000061257fe180:   0000006100000000 00000061257fe200
0x00000061257fe190:   0000000000000000 0000000000000099
0x00000061257fe1a0:   8000000000000000 8000000000000000
0x00000061257fe1b0:   0000000000003601 0000000000000000
0x00000061257fe1c0:   000001d5c2ec5230 000001d5c8b6bc60
0x00000061257fe1d0:   0000000000000000 0000000000000001
0x00000061257fe1e0:   000001d5c2ab1690 00007ffa118bc257
0x00000061257fe1f0:   000001d5c8df4ac0 0000000000000000
0x00000061257fe200:   0000000000001f40 000001d5c9025c88
0x00000061257fe210:   0000000000000301 616a4c4a495f5f00
0x00000061257fe220:   000001d5beaf4e78 325f7463656a624f
0x00000061257fe230:   00007ffa4879cb60 0000000000000000
0x00000061257fe240:   0000000000000000 0000000000000000
0x00000061257fe250:   000000000000000c 000001d5c8b6bc60
0x00000061257fe260:   0000000000001f40 0000000000000000
0x00000061257fe270:   0000000000000000 000001d5cbfd5990
0x00000061257fe280:   000001d5c8df4ac0 00007ffa118bf150
0x00000061257fe290:   0000000000000001 000001d5c2ab1690
0x00000061257fe2a0:   0000000000000008 0000000000000000
0x00000061257fe2b0:   0000000000001f40 000001d5cbfd5990
0x00000061257fe2c0:   000001d5b0ea8f01 0000004000010000
0x00000061257fe2d0:   0000006100000008 00000061257fe350
0x00000061257fe2e0:   000000000000000f 0000000000000000
0x00000061257fe2f0:   0000000000000000 0000000000000000
0x00000061257fe300:   0000000000000000 0000000000000000 

Instructions: (pc=0x00007ffa11a9911e)
0x00007ffa11a9901e:   20 49 8b e8 48 8b da 48 8b f1 49 81 f8 00 02 00
0x00007ffa11a9902e:   00 0f 86 18 01 00 00 8b c6 b9 10 00 00 00 83 e0
0x00007ffa11a9903e:   0f 2b c8 74 20 44 8b c1 48 89 7c 24 30 8b f9 48
0x00007ffa11a9904e:   8b ce e8 ab 69 5e 00 48 03 f7 48 03 df 48 2b ef
0x00007ffa11a9905e:   48 8b 7c 24 30 48 8b c3 83 e0 0f 48 81 fd 80 00
0x00007ffa11a9906e:   00 00 0f 86 c6 00 00 00 48 8d 8d 7f ff ff ff 48
0x00007ffa11a9907e:   c1 e9 07 48 ff c1 48 85 c0 74 55 48 6b c1 80 48
0x00007ffa11a9908e:   03 e8 0f 10 03 0f 2b 06 0f 10 4b 10 0f 2b 4e 10
0x00007ffa11a9909e:   0f 10 43 20 0f 2b 46 20 0f 10 4b 30 0f 2b 4e 30
0x00007ffa11a990ae:   0f 10 43 40 0f 2b 46 40 0f 10 4b 50 0f 2b 4e 50
0x00007ffa11a990be:   0f 10 43 60 0f 2b 46 60 0f 10 4b 70 48 83 eb 80
0x00007ffa11a990ce:   0f 2b 4e 70 48 83 ee 80 48 83 e9 01 75 b4 eb 5e
0x00007ffa11a990de:   48 6b c1 80 48 03 e8 66 66 66 0f 1f 84 00 00 00
0x00007ffa11a990ee:   00 00 0f 10 03 0f 2b 06 0f 10 4b 10 0f 2b 4e 10
0x00007ffa11a990fe:   0f 10 43 20 0f 2b 46 20 0f 10 4b 30 0f 2b 4e 30
0x00007ffa11a9910e:   0f 10 43 40 0f 2b 46 40 0f 10 4b 50 0f 2b 4e 50
0x00007ffa11a9911e:   0f 10 43 60 0f 2b 46 60 0f 10 4b 70 48 83 eb 80
0x00007ffa11a9912e:   0f 2b 4e 70 48 83 ee 80 48 83 e9 01 75 b4 0f ae
0x00007ffa11a9913e:   f8 48 85 ed 74 0e 4c 8b c5 48 8b d3 48 8b ce e8
0x00007ffa11a9914e:   ae 68 5e 00 48 8b 5c 24 38 48 8b 6c 24 40 48 83
0x00007ffa11a9915e:   c4 20 5e c3 cc cc cc cc cc cc cc cc cc cc cc cc
0x00007ffa11a9916e:   cc cc 48 89 5c 24 08 48 89 6c 24 10 48 89 74 24
0x00007ffa11a9917e:   18 57 48 83 ec 20 33 ed 48 8b d9 48 89 69 18 48
0x00007ffa11a9918e:   83 c1 20 e8 0a 84 5f ff 4c 8b 4a 20 4c 89 0b 48
0x00007ffa11a9919e:   89 53 08 4c 89 43 10 48 89 ab 40 04 00 00 48 89
0x00007ffa11a991ae:   ab 48 04 00 00 48 89 ab 50 04 00 00 48 89 ab 58
0x00007ffa11a991be:   04 00 00 48 89 ab 60 04 00 00 48 89 ab 68 04 00
0x00007ffa11a991ce:   00 48 89 ab 38 04 00 00 48 8b 3d 0b 68 66 01 48
0x00007ffa11a991de:   85 ff 74 03 ff 47 08 48 8b 4b 18 48 85 c9 74 35
0x00007ffa11a991ee:   83 79 08 01 75 1f 65 48 8b 04 25 30 00 00 00 4c
0x00007ffa11a991fe:   8b 01 48 8b 90 48 12 00 00 48 8b 52 48 41 ff 50
0x00007ffa11a9920e:   08 48 8b 4b 18 83 69 08 01 75 0a 48 8b 01 ba 01 


Stack slot to memory mapping:
stack at sp + 0 slots: 0x0 is NULL
stack at sp + 1 slots: 0x00000061257fe358 is pointing into the stack for thread: 0x000001d5c2d44060
stack at sp + 2 slots: 0x000001d5c8e1c0b8 points into unknown readable memory: 0x00007ffa12cc7260 | 60 72 cc 12 fa 7f 00 00
stack at sp + 3 slots: 0x0000000000001f40 is an unknown value
stack at sp + 4 slots: 0x0000000000001f40 is an unknown value
stack at sp + 5 slots: 0x00007ffa118efe73 atio6axx.dll
stack at sp + 6 slots: 0x000001d5c8e1c0b8 points into unknown readable memory: 0x00007ffa12cc7260 | 60 72 cc 12 fa 7f 00 00
stack at sp + 7 slots: 0x00000061257fe350 is pointing into the stack for thread: 0x000001d5c2d44060


---------------  P R O C E S S  ---------------

Threads class SMR info:
_java_thread_list=0x000001d5c8e4afb0, length=20, elements={
0x000001d5be36db00, 0x000001d5be36e700, 0x000001d5be36f300, 0x000001d5be371260,
0x000001d5be371e20, 0x000001d5be392770, 0x000001d5be3988f0, 0x000001d5be3a2d20,
0x000001d5be338d20, 0x000001d5c280a2d0, 0x000001d5c280eea0, 0x000001d5c29d7fd0,
0x000001d5c2a23010, 0x000001d5c2d42080, 0x000001d5c2d415e0, 0x000001d5c8e9fca0,
0x000001d5c2d435c0, 0x000001d5c2d44060, 0x000001d5c2d445b0, 0x000001d5c2d41090
}

Java Threads: ( => current thread )
  0x000001d5be36db00 JavaThread "Reference Handler" daemon [_thread_blocked, id=5828, stack(0x0000006123100000,0x0000006123200000)]
  0x000001d5be36e700 JavaThread "Finalizer" daemon [_thread_blocked, id=18852, stack(0x0000006123200000,0x0000006123300000)]
  0x000001d5be36f300 JavaThread "Signal Dispatcher" daemon [_thread_blocked, id=19200, stack(0x0000006123300000,0x0000006123400000)]
  0x000001d5be371260 JavaThread "Attach Listener" daemon [_thread_blocked, id=6160, stack(0x0000006123400000,0x0000006123500000)]
  0x000001d5be371e20 JavaThread "Service Thread" daemon [_thread_blocked, id=16544, stack(0x0000006123500000,0x0000006123600000)]
  0x000001d5be392770 JavaThread "Monitor Deflation Thread" daemon [_thread_blocked, id=1508, stack(0x0000006123600000,0x0000006123700000)]
  0x000001d5be3988f0 JavaThread "C2 CompilerThread0" daemon [_thread_blocked, id=7664, stack(0x0000006123700000,0x0000006123800000)]
  0x000001d5be3a2d20 JavaThread "C1 CompilerThread0" daemon [_thread_blocked, id=22404, stack(0x0000006123800000,0x0000006123900000)]
  0x000001d5be338d20 JavaThread "Common-Cleaner" daemon [_thread_blocked, id=12168, stack(0x0000006123900000,0x0000006123a00000)]
  0x000001d5c280a2d0 JavaThread "Monitor Ctrl-Break" daemon [_thread_in_native, id=24268, stack(0x0000006123a00000,0x0000006123b00000)]
  0x000001d5c280eea0 JavaThread "Notification Thread" daemon [_thread_blocked, id=20544, stack(0x0000006123b00000,0x0000006123c00000)]
  0x000001d5c29d7fd0 JavaThread "Java2D Disposer" daemon [_thread_blocked, id=24340, stack(0x0000006123d00000,0x0000006123e00000)]
  0x000001d5c2a23010 JavaThread "AWT-Windows" daemon [_thread_in_native, id=1248, stack(0x0000006123f00000,0x0000006124000000)]
  0x000001d5c2d42080 JavaThread "main-SharedResourceRunner" daemon [_thread_blocked, id=18152, stack(0x0000006124b00000,0x0000006124c00000)]
  0x000001d5c2d415e0 JavaThread "main-AWTAnimator#00" [_thread_blocked, id=5280, stack(0x0000006125400000,0x0000006125500000)]
  0x000001d5c8e9fca0 JavaThread "C2 CompilerThread1" daemon [_thread_blocked, id=22232, stack(0x0000006125500000,0x0000006125600000)]
  0x000001d5c2d435c0 JavaThread "AWT-Shutdown" [_thread_blocked, id=17728, stack(0x0000006125600000,0x0000006125700000)]
=>0x000001d5c2d44060 JavaThread "AWT-EventQueue-0" [_thread_in_native, id=13832, stack(0x0000006125700000,0x0000006125800000)]
  0x000001d5c2d445b0 JavaThread "DestroyJavaVM" [_thread_blocked, id=23940, stack(0x0000006122a00000,0x0000006122b00000)]
  0x000001d5c2d41090 JavaThread "D3D Screen Updater" daemon [_thread_blocked, id=1916, stack(0x0000006125800000,0x0000006125900000)]

Other Threads:
  0x000001d5be34cf90 VMThread "VM Thread" [stack: 0x0000006123000000,0x0000006123100000] [id=23320]
  0x000001d5c280acf0 WatcherThread "VM Periodic Task Thread" [stack: 0x0000006123c00000,0x0000006123d00000] [id=14720]
  0x000001d5a166b210 WorkerThread "GC Thread#0" [stack: 0x0000006122b00000,0x0000006122c00000] [id=16716]
  0x000001d5c2c77530 WorkerThread "GC Thread#1" [stack: 0x0000006123e00000,0x0000006123f00000] [id=10308]
  0x000001d5c90bfc40 WorkerThread "GC Thread#2" [stack: 0x0000006124200000,0x0000006124300000] [id=492]
  0x000001d5c9265a10 WorkerThread "GC Thread#3" [stack: 0x0000006124d00000,0x0000006124e00000] [id=10064]
  0x000001d5c9265ce0 WorkerThread "GC Thread#4" [stack: 0x0000006124e00000,0x0000006124f00000] [id=13764]
  0x000001d5c909ae40 WorkerThread "GC Thread#5" [stack: 0x0000006124f00000,0x0000006125000000] [id=19936]
  0x000001d5c909b980 WorkerThread "GC Thread#6" [stack: 0x0000006125000000,0x0000006125100000] [id=24248]
  0x000001d5c909b110 WorkerThread "GC Thread#7" [stack: 0x0000006125100000,0x0000006125200000] [id=8220]
  0x000001d5c909b6b0 WorkerThread "GC Thread#8" [stack: 0x0000006125200000,0x0000006125300000] [id=9352]
  0x000001d5c909c790 WorkerThread "GC Thread#9" [stack: 0x0000006125300000,0x0000006125400000] [id=17136]
  0x000001d5a167ad10 ConcurrentGCThread "G1 Main Marker" [stack: 0x0000006122c00000,0x0000006122d00000] [id=22824]
  0x000001d5a167be90 WorkerThread "G1 Conc#0" [stack: 0x0000006122d00000,0x0000006122e00000] [id=20420]
  0x000001d5be209110 ConcurrentGCThread "G1 Refine#0" [stack: 0x0000006122e00000,0x0000006122f00000] [id=18452]
  0x000001d5be209ac0 ConcurrentGCThread "G1 Service" [stack: 0x0000006122f00000,0x0000006123000000] [id=4892]

Threads with active compile tasks:

VM state: not at safepoint (normal execution)

VM Mutex/Monitor currently owned by a thread: None

Heap address: 0x000000008a600000, size: 1882 MB, Compressed Oops mode: 32-bit

CDS archive(s) mapped at: [0x0000000800000000-0x0000000800c60000-0x0000000800c60000), size 12976128, SharedBaseAddress: 0x0000000800000000, ArchiveRelocationMode: 0.
Compressed class space mapped at: 0x0000000801000000-0x0000000841000000, reserved size: 1073741824
Narrow klass base: 0x0000000800000000, Narrow klass shift: 0, Narrow klass range: 0x100000000

GC Precious Log:
 CardTable entry size: 512
 Card Set container configuration: InlinePtr #cards 5 size 8 Array Of Cards #cards 12 size 40 Howl #buckets 4 coarsen threshold 1843 Howl Bitmap #cards 512 size 80 coarsen threshold 460 Card regions per heap region 1 cards per card region 2048
 CPUs: 12 total, 12 available
 Memory: 7523M
 Large Page Support: Disabled
 NUMA Support: Disabled
 Compressed Oops: Enabled (32-bit)
 Heap Region Size: 1M
 Heap Min Capacity: 8M
 Heap Initial Capacity: 118M
 Heap Max Capacity: 1882M
 Pre-touch: Disabled
 Parallel Workers: 10
 Concurrent Workers: 3
 Concurrent Refinement Workers: 10
 Periodic GC: Disabled

Heap:
 garbage-first heap   total 120832K, used 12944K [0x000000008a600000, 0x0000000100000000)
  region size 1024K, 13 young (13312K), 3 survivors (3072K)
 Metaspace       used 13617K, committed 13952K, reserved 1114112K
  class space    used 1189K, committed 1344K, reserved 1048576K

Heap Regions: E=young(eden), S=young(survivor), O=old, HS=humongous(starts), HC=humongous(continues), CS=collection set, F=free, OA=open archive, CA=closed archive, TAMS=top-at-mark-start, PB=parsable bottom
|   0|0x000000008a600000, 0x000000008a600000, 0x000000008a700000|  0%| F|  |TAMS 0x000000008a600000| PB 0x000000008a600000| Untracked 
|   1|0x000000008a700000, 0x000000008a7a4200, 0x000000008a800000| 64%| O|  |TAMS 0x000000008a700000| PB 0x000000008a700000| Untracked 
|   2|0x000000008a800000, 0x000000008a800000, 0x000000008a900000|  0%| F|  |TAMS 0x000000008a800000| PB 0x000000008a800000| Untracked 
|   3|0x000000008a900000, 0x000000008a900000, 0x000000008aa00000|  0%| F|  |TAMS 0x000000008a900000| PB 0x000000008a900000| Untracked 
|   4|0x000000008aa00000, 0x000000008aa00000, 0x000000008ab00000|  0%| F|  |TAMS 0x000000008aa00000| PB 0x000000008aa00000| Untracked 
|   5|0x000000008ab00000, 0x000000008ab00000, 0x000000008ac00000|  0%| F|  |TAMS 0x000000008ab00000| PB 0x000000008ab00000| Untracked 
|   6|0x000000008ac00000, 0x000000008ac00000, 0x000000008ad00000|  0%| F|  |TAMS 0x000000008ac00000| PB 0x000000008ac00000| Untracked 
|   7|0x000000008ad00000, 0x000000008ad00000, 0x000000008ae00000|  0%| F|  |TAMS 0x000000008ad00000| PB 0x000000008ad00000| Untracked 
|   8|0x000000008ae00000, 0x000000008ae00000, 0x000000008af00000|  0%| F|  |TAMS 0x000000008ae00000| PB 0x000000008ae00000| Untracked 
|   9|0x000000008af00000, 0x000000008af00000, 0x000000008b000000|  0%| F|  |TAMS 0x000000008af00000| PB 0x000000008af00000| Untracked 
|  10|0x000000008b000000, 0x000000008b000000, 0x000000008b100000|  0%| F|  |TAMS 0x000000008b000000| PB 0x000000008b000000| Untracked 
|  11|0x000000008b100000, 0x000000008b100000, 0x000000008b200000|  0%| F|  |TAMS 0x000000008b100000| PB 0x000000008b100000| Untracked 
|  12|0x000000008b200000, 0x000000008b200000, 0x000000008b300000|  0%| F|  |TAMS 0x000000008b200000| PB 0x000000008b200000| Untracked 
|  13|0x000000008b300000, 0x000000008b300000, 0x000000008b400000|  0%| F|  |TAMS 0x000000008b300000| PB 0x000000008b300000| Untracked 
|  14|0x000000008b400000, 0x000000008b400000, 0x000000008b500000|  0%| F|  |TAMS 0x000000008b400000| PB 0x000000008b400000| Untracked 
|  15|0x000000008b500000, 0x000000008b500000, 0x000000008b600000|  0%| F|  |TAMS 0x000000008b500000| PB 0x000000008b500000| Untracked 
|  16|0x000000008b600000, 0x000000008b600000, 0x000000008b700000|  0%| F|  |TAMS 0x000000008b600000| PB 0x000000008b600000| Untracked 
|  17|0x000000008b700000, 0x000000008b700000, 0x000000008b800000|  0%| F|  |TAMS 0x000000008b700000| PB 0x000000008b700000| Untracked 
|  18|0x000000008b800000, 0x000000008b800000, 0x000000008b900000|  0%| F|  |TAMS 0x000000008b800000| PB 0x000000008b800000| Untracked 
|  19|0x000000008b900000, 0x000000008b900000, 0x000000008ba00000|  0%| F|  |TAMS 0x000000008b900000| PB 0x000000008b900000| Untracked 
|  20|0x000000008ba00000, 0x000000008ba00000, 0x000000008bb00000|  0%| F|  |TAMS 0x000000008ba00000| PB 0x000000008ba00000| Untracked 
|  21|0x000000008bb00000, 0x000000008bb00000, 0x000000008bc00000|  0%| F|  |TAMS 0x000000008bb00000| PB 0x000000008bb00000| Untracked 
|  22|0x000000008bc00000, 0x000000008bc00000, 0x000000008bd00000|  0%| F|  |TAMS 0x000000008bc00000| PB 0x000000008bc00000| Untracked 
|  23|0x000000008bd00000, 0x000000008bd00000, 0x000000008be00000|  0%| F|  |TAMS 0x000000008bd00000| PB 0x000000008bd00000| Untracked 
|  24|0x000000008be00000, 0x000000008be00000, 0x000000008bf00000|  0%| F|  |TAMS 0x000000008be00000| PB 0x000000008be00000| Untracked 
|  25|0x000000008bf00000, 0x000000008bf00000, 0x000000008c000000|  0%| F|  |TAMS 0x000000008bf00000| PB 0x000000008bf00000| Untracked 
|  26|0x000000008c000000, 0x000000008c000000, 0x000000008c100000|  0%| F|  |TAMS 0x000000008c000000| PB 0x000000008c000000| Untracked 
|  27|0x000000008c100000, 0x000000008c100000, 0x000000008c200000|  0%| F|  |TAMS 0x000000008c100000| PB 0x000000008c100000| Untracked 
|  28|0x000000008c200000, 0x000000008c200000, 0x000000008c300000|  0%| F|  |TAMS 0x000000008c200000| PB 0x000000008c200000| Untracked 
|  29|0x000000008c300000, 0x000000008c300000, 0x000000008c400000|  0%| F|  |TAMS 0x000000008c300000| PB 0x000000008c300000| Untracked 
|  30|0x000000008c400000, 0x000000008c400000, 0x000000008c500000|  0%| F|  |TAMS 0x000000008c400000| PB 0x000000008c400000| Untracked 
|  31|0x000000008c500000, 0x000000008c500000, 0x000000008c600000|  0%| F|  |TAMS 0x000000008c500000| PB 0x000000008c500000| Untracked 
|  32|0x000000008c600000, 0x000000008c600000, 0x000000008c700000|  0%| F|  |TAMS 0x000000008c600000| PB 0x000000008c600000| Untracked 
|  33|0x000000008c700000, 0x000000008c700000, 0x000000008c800000|  0%| F|  |TAMS 0x000000008c700000| PB 0x000000008c700000| Untracked 
|  34|0x000000008c800000, 0x000000008c800000, 0x000000008c900000|  0%| F|  |TAMS 0x000000008c800000| PB 0x000000008c800000| Untracked 
|  35|0x000000008c900000, 0x000000008c900000, 0x000000008ca00000|  0%| F|  |TAMS 0x000000008c900000| PB 0x000000008c900000| Untracked 
|  36|0x000000008ca00000, 0x000000008ca00000, 0x000000008cb00000|  0%| F|  |TAMS 0x000000008ca00000| PB 0x000000008ca00000| Untracked 
|  37|0x000000008cb00000, 0x000000008cb00000, 0x000000008cc00000|  0%| F|  |TAMS 0x000000008cb00000| PB 0x000000008cb00000| Untracked 
|  38|0x000000008cc00000, 0x000000008cc00000, 0x000000008cd00000|  0%| F|  |TAMS 0x000000008cc00000| PB 0x000000008cc00000| Untracked 
|  39|0x000000008cd00000, 0x000000008cd00000, 0x000000008ce00000|  0%| F|  |TAMS 0x000000008cd00000| PB 0x000000008cd00000| Untracked 
|  40|0x000000008ce00000, 0x000000008ce00000, 0x000000008cf00000|  0%| F|  |TAMS 0x000000008ce00000| PB 0x000000008ce00000| Untracked 
|  41|0x000000008cf00000, 0x000000008cf00000, 0x000000008d000000|  0%| F|  |TAMS 0x000000008cf00000| PB 0x000000008cf00000| Untracked 
|  42|0x000000008d000000, 0x000000008d000000, 0x000000008d100000|  0%| F|  |TAMS 0x000000008d000000| PB 0x000000008d000000| Untracked 
|  43|0x000000008d100000, 0x000000008d100000, 0x000000008d200000|  0%| F|  |TAMS 0x000000008d100000| PB 0x000000008d100000| Untracked 
|  44|0x000000008d200000, 0x000000008d200000, 0x000000008d300000|  0%| F|  |TAMS 0x000000008d200000| PB 0x000000008d200000| Untracked 
|  45|0x000000008d300000, 0x000000008d300000, 0x000000008d400000|  0%| F|  |TAMS 0x000000008d300000| PB 0x000000008d300000| Untracked 
|  46|0x000000008d400000, 0x000000008d400000, 0x000000008d500000|  0%| F|  |TAMS 0x000000008d400000| PB 0x000000008d400000| Untracked 
|  47|0x000000008d500000, 0x000000008d500000, 0x000000008d600000|  0%| F|  |TAMS 0x000000008d500000| PB 0x000000008d500000| Untracked 
|  48|0x000000008d600000, 0x000000008d600000, 0x000000008d700000|  0%| F|  |TAMS 0x000000008d600000| PB 0x000000008d600000| Untracked 
|  49|0x000000008d700000, 0x000000008d700000, 0x000000008d800000|  0%| F|  |TAMS 0x000000008d700000| PB 0x000000008d700000| Untracked 
|  50|0x000000008d800000, 0x000000008d800000, 0x000000008d900000|  0%| F|  |TAMS 0x000000008d800000| PB 0x000000008d800000| Untracked 
|  51|0x000000008d900000, 0x000000008d900000, 0x000000008da00000|  0%| F|  |TAMS 0x000000008d900000| PB 0x000000008d900000| Untracked 
|  52|0x000000008da00000, 0x000000008da00000, 0x000000008db00000|  0%| F|  |TAMS 0x000000008da00000| PB 0x000000008da00000| Untracked 
|  53|0x000000008db00000, 0x000000008db00000, 0x000000008dc00000|  0%| F|  |TAMS 0x000000008db00000| PB 0x000000008db00000| Untracked 
|  54|0x000000008dc00000, 0x000000008dc00000, 0x000000008dd00000|  0%| F|  |TAMS 0x000000008dc00000| PB 0x000000008dc00000| Untracked 
|  55|0x000000008dd00000, 0x000000008dd00000, 0x000000008de00000|  0%| F|  |TAMS 0x000000008dd00000| PB 0x000000008dd00000| Untracked 
|  56|0x000000008de00000, 0x000000008de00000, 0x000000008df00000|  0%| F|  |TAMS 0x000000008de00000| PB 0x000000008de00000| Untracked 
|  57|0x000000008df00000, 0x000000008df00000, 0x000000008e000000|  0%| F|  |TAMS 0x000000008df00000| PB 0x000000008df00000| Untracked 
|  58|0x000000008e000000, 0x000000008e000000, 0x000000008e100000|  0%| F|  |TAMS 0x000000008e000000| PB 0x000000008e000000| Untracked 
|  59|0x000000008e100000, 0x000000008e100000, 0x000000008e200000|  0%| F|  |TAMS 0x000000008e100000| PB 0x000000008e100000| Untracked 
|  60|0x000000008e200000, 0x000000008e200000, 0x000000008e300000|  0%| F|  |TAMS 0x000000008e200000| PB 0x000000008e200000| Untracked 
|  61|0x000000008e300000, 0x000000008e300000, 0x000000008e400000|  0%| F|  |TAMS 0x000000008e300000| PB 0x000000008e300000| Untracked 
|  62|0x000000008e400000, 0x000000008e400000, 0x000000008e500000|  0%| F|  |TAMS 0x000000008e400000| PB 0x000000008e400000| Untracked 
|  63|0x000000008e500000, 0x000000008e500000, 0x000000008e600000|  0%| F|  |TAMS 0x000000008e500000| PB 0x000000008e500000| Untracked 
|  64|0x000000008e600000, 0x000000008e600000, 0x000000008e700000|  0%| F|  |TAMS 0x000000008e600000| PB 0x000000008e600000| Untracked 
|  65|0x000000008e700000, 0x000000008e700000, 0x000000008e800000|  0%| F|  |TAMS 0x000000008e700000| PB 0x000000008e700000| Untracked 
|  66|0x000000008e800000, 0x000000008e800000, 0x000000008e900000|  0%| F|  |TAMS 0x000000008e800000| PB 0x000000008e800000| Untracked 
|  67|0x000000008e900000, 0x000000008e900000, 0x000000008ea00000|  0%| F|  |TAMS 0x000000008e900000| PB 0x000000008e900000| Untracked 
|  68|0x000000008ea00000, 0x000000008ea00000, 0x000000008eb00000|  0%| F|  |TAMS 0x000000008ea00000| PB 0x000000008ea00000| Untracked 
|  69|0x000000008eb00000, 0x000000008eb00000, 0x000000008ec00000|  0%| F|  |TAMS 0x000000008eb00000| PB 0x000000008eb00000| Untracked 
|  70|0x000000008ec00000, 0x000000008ec00000, 0x000000008ed00000|  0%| F|  |TAMS 0x000000008ec00000| PB 0x000000008ec00000| Untracked 
|  71|0x000000008ed00000, 0x000000008ed00000, 0x000000008ee00000|  0%| F|  |TAMS 0x000000008ed00000| PB 0x000000008ed00000| Untracked 
|  72|0x000000008ee00000, 0x000000008ee00000, 0x000000008ef00000|  0%| F|  |TAMS 0x000000008ee00000| PB 0x000000008ee00000| Untracked 
|  73|0x000000008ef00000, 0x000000008ef00000, 0x000000008f000000|  0%| F|  |TAMS 0x000000008ef00000| PB 0x000000008ef00000| Untracked 
|  74|0x000000008f000000, 0x000000008f000000, 0x000000008f100000|  0%| F|  |TAMS 0x000000008f000000| PB 0x000000008f000000| Untracked 
|  75|0x000000008f100000, 0x000000008f100000, 0x000000008f200000|  0%| F|  |TAMS 0x000000008f100000| PB 0x000000008f100000| Untracked 
|  76|0x000000008f200000, 0x000000008f200000, 0x000000008f300000|  0%| F|  |TAMS 0x000000008f200000| PB 0x000000008f200000| Untracked 
|  77|0x000000008f300000, 0x000000008f300000, 0x000000008f400000|  0%| F|  |TAMS 0x000000008f300000| PB 0x000000008f300000| Untracked 
|  78|0x000000008f400000, 0x000000008f400000, 0x000000008f500000|  0%| F|  |TAMS 0x000000008f400000| PB 0x000000008f400000| Untracked 
|  79|0x000000008f500000, 0x000000008f500000, 0x000000008f600000|  0%| F|  |TAMS 0x000000008f500000| PB 0x000000008f500000| Untracked 
|  80|0x000000008f600000, 0x000000008f600000, 0x000000008f700000|  0%| F|  |TAMS 0x000000008f600000| PB 0x000000008f600000| Untracked 
|  81|0x000000008f700000, 0x000000008f700000, 0x000000008f800000|  0%| F|  |TAMS 0x000000008f700000| PB 0x000000008f700000| Untracked 
|  82|0x000000008f800000, 0x000000008f800000, 0x000000008f900000|  0%| F|  |TAMS 0x000000008f800000| PB 0x000000008f800000| Untracked 
|  83|0x000000008f900000, 0x000000008f900000, 0x000000008fa00000|  0%| F|  |TAMS 0x000000008f900000| PB 0x000000008f900000| Untracked 
|  84|0x000000008fa00000, 0x000000008fa00000, 0x000000008fb00000|  0%| F|  |TAMS 0x000000008fa00000| PB 0x000000008fa00000| Untracked 
|  85|0x000000008fb00000, 0x000000008fb00000, 0x000000008fc00000|  0%| F|  |TAMS 0x000000008fb00000| PB 0x000000008fb00000| Untracked 
|  86|0x000000008fc00000, 0x000000008fc00000, 0x000000008fd00000|  0%| F|  |TAMS 0x000000008fc00000| PB 0x000000008fc00000| Untracked 
|  87|0x000000008fd00000, 0x000000008fd00000, 0x000000008fe00000|  0%| F|  |TAMS 0x000000008fd00000| PB 0x000000008fd00000| Untracked 
|  88|0x000000008fe00000, 0x000000008fe00000, 0x000000008ff00000|  0%| F|  |TAMS 0x000000008fe00000| PB 0x000000008fe00000| Untracked 
|  89|0x000000008ff00000, 0x000000008ff00000, 0x0000000090000000|  0%| F|  |TAMS 0x000000008ff00000| PB 0x000000008ff00000| Untracked 
|  90|0x0000000090000000, 0x0000000090000000, 0x0000000090100000|  0%| F|  |TAMS 0x0000000090000000| PB 0x0000000090000000| Untracked 
|  91|0x0000000090100000, 0x0000000090100000, 0x0000000090200000|  0%| F|  |TAMS 0x0000000090100000| PB 0x0000000090100000| Untracked 
|  92|0x0000000090200000, 0x0000000090300000, 0x0000000090300000|100%| S|CS|TAMS 0x0000000090200000| PB 0x0000000090200000| Complete 
|  93|0x0000000090300000, 0x0000000090400000, 0x0000000090400000|100%| S|CS|TAMS 0x0000000090300000| PB 0x0000000090300000| Complete 
|  94|0x0000000090400000, 0x0000000090500000, 0x0000000090500000|100%| S|CS|TAMS 0x0000000090400000| PB 0x0000000090400000| Complete 
|  95|0x0000000090500000, 0x0000000090500000, 0x0000000090600000|  0%| F|  |TAMS 0x0000000090500000| PB 0x0000000090500000| Untracked 
|  96|0x0000000090600000, 0x0000000090600000, 0x0000000090700000|  0%| F|  |TAMS 0x0000000090600000| PB 0x0000000090600000| Untracked 
|  97|0x0000000090700000, 0x0000000090700000, 0x0000000090800000|  0%| F|  |TAMS 0x0000000090700000| PB 0x0000000090700000| Untracked 
|  98|0x0000000090800000, 0x0000000090800000, 0x0000000090900000|  0%| F|  |TAMS 0x0000000090800000| PB 0x0000000090800000| Untracked 
|  99|0x0000000090900000, 0x0000000090900000, 0x0000000090a00000|  0%| F|  |TAMS 0x0000000090900000| PB 0x0000000090900000| Untracked 
| 100|0x0000000090a00000, 0x0000000090a00000, 0x0000000090b00000|  0%| F|  |TAMS 0x0000000090a00000| PB 0x0000000090a00000| Untracked 
| 101|0x0000000090b00000, 0x0000000090b00000, 0x0000000090c00000|  0%| F|  |TAMS 0x0000000090b00000| PB 0x0000000090b00000| Untracked 
| 102|0x0000000090c00000, 0x0000000090c00000, 0x0000000090d00000|  0%| F|  |TAMS 0x0000000090c00000| PB 0x0000000090c00000| Untracked 
| 103|0x0000000090d00000, 0x0000000090d00000, 0x0000000090e00000|  0%| F|  |TAMS 0x0000000090d00000| PB 0x0000000090d00000| Untracked 
| 104|0x0000000090e00000, 0x0000000090e00000, 0x0000000090f00000|  0%| F|  |TAMS 0x0000000090e00000| PB 0x0000000090e00000| Untracked 
| 105|0x0000000090f00000, 0x0000000090f00000, 0x0000000091000000|  0%| F|  |TAMS 0x0000000090f00000| PB 0x0000000090f00000| Untracked 
| 106|0x0000000091000000, 0x0000000091000000, 0x0000000091100000|  0%| F|  |TAMS 0x0000000091000000| PB 0x0000000091000000| Untracked 
| 107|0x0000000091100000, 0x0000000091100000, 0x0000000091200000|  0%| F|  |TAMS 0x0000000091100000| PB 0x0000000091100000| Untracked 
| 108|0x0000000091200000, 0x00000000912cd8d0, 0x0000000091300000| 80%| E|  |TAMS 0x0000000091200000| PB 0x0000000091200000| Complete 
| 109|0x0000000091300000, 0x0000000091400000, 0x0000000091400000|100%| E|CS|TAMS 0x0000000091300000| PB 0x0000000091300000| Complete 
| 110|0x0000000091400000, 0x0000000091500000, 0x0000000091500000|100%| E|CS|TAMS 0x0000000091400000| PB 0x0000000091400000| Complete 
| 111|0x0000000091500000, 0x0000000091600000, 0x0000000091600000|100%| E|CS|TAMS 0x0000000091500000| PB 0x0000000091500000| Complete 
| 112|0x0000000091600000, 0x0000000091700000, 0x0000000091700000|100%| E|CS|TAMS 0x0000000091600000| PB 0x0000000091600000| Complete 
| 113|0x0000000091700000, 0x0000000091800000, 0x0000000091800000|100%| E|CS|TAMS 0x0000000091700000| PB 0x0000000091700000| Complete 
| 114|0x0000000091800000, 0x0000000091900000, 0x0000000091900000|100%| E|CS|TAMS 0x0000000091800000| PB 0x0000000091800000| Complete 
| 115|0x0000000091900000, 0x0000000091a00000, 0x0000000091a00000|100%| E|CS|TAMS 0x0000000091900000| PB 0x0000000091900000| Complete 
| 116|0x0000000091a00000, 0x0000000091b00000, 0x0000000091b00000|100%| E|CS|TAMS 0x0000000091a00000| PB 0x0000000091a00000| Complete 
| 117|0x0000000091b00000, 0x0000000091c00000, 0x0000000091c00000|100%| E|CS|TAMS 0x0000000091b00000| PB 0x0000000091b00000| Complete 

Card table byte_map: [0x000001d5b9240000,0x000001d5b95f0000] _byte_map_base: 0x000001d5b8ded000

Marking Bits: (CMBitMap*) 0x000001d5a166b750
 Bits: [0x000001d5b99a0000, 0x000001d5bb708000)

Polling page: 0x000001d59f580000

Metaspace:

Usage:
  Non-class:     12.14 MB used.
      Class:      1.16 MB used.
       Both:     13.30 MB used.

Virtual space:
  Non-class space:       64.00 MB reserved,      12.31 MB ( 19%) committed,  1 nodes.
      Class space:        1.00 GB reserved,       1.31 MB ( <1%) committed,  1 nodes.
             Both:        1.06 GB reserved,      13.62 MB (  1%) committed. 

Chunk freelists:
   Non-Class:  2.98 MB
       Class:  2.72 MB
        Both:  5.70 MB

MaxMetaspaceSize: unlimited
CompressedClassSpaceSize: 1.00 GB
Initial GC threshold: 21.00 MB
Current GC threshold: 21.00 MB
CDS: on
MetaspaceReclaimPolicy: balanced
 - commit_granule_bytes: 65536.
 - commit_granule_words: 8192.
 - virtual_space_node_default_size: 8388608.
 - enlarge_chunks_in_place: 1.
 - new_chunks_are_fully_committed: 0.
 - uncommit_free_chunks: 1.
 - use_allocation_guard: 0.


Internal statistics:

num_allocs_failed_limit: 0.
num_arena_births: 242.
num_arena_deaths: 0.
num_vsnodes_births: 2.
num_vsnodes_deaths: 0.
num_space_committed: 214.
num_space_uncommitted: 0.
num_chunks_returned_to_freelist: 0.
num_chunks_taken_from_freelist: 485.
num_chunk_merges: 0.
num_chunk_splits: 313.
num_chunks_enlarged: 191.
num_inconsistent_stats: 0.

CodeHeap 'non-profiled nmethods': size=120000Kb used=619Kb max_used=619Kb free=119381Kb
 bounds [0x000001d5b1410000, 0x000001d5b1680000, 0x000001d5b8940000]
CodeHeap 'profiled nmethods': size=120000Kb used=2487Kb max_used=2487Kb free=117513Kb
 bounds [0x000001d5a9940000, 0x000001d5a9bb0000, 0x000001d5b0e70000]
CodeHeap 'non-nmethods': size=5760Kb used=2000Kb max_used=2014Kb free=3759Kb
 bounds [0x000001d5b0e70000, 0x000001d5b10e0000, 0x000001d5b1410000]
 total_blobs=2417 nmethods=1478 adapters=850
 compilation: enabled
              stopped_count=0, restarted_count=0
 full_count=0

Compilation events (20 events):
Event: 3.294 Thread 0x000001d5be3a2d20 nmethod 1465 0x000001d5b14a9910 code [0x000001d5b14a9a80, 0x000001d5b14a9b48]
Event: 3.297 Thread 0x000001d5be3a2d20 1467       1       sun.util.locale.StringTokenIterator::isDone (5 bytes)
Event: 3.297 Thread 0x000001d5be3a2d20 nmethod 1467 0x000001d5b14a9c10 code [0x000001d5b14a9d80, 0x000001d5b14a9e50]
Event: 3.327 Thread 0x000001d5be3a2d20 1468       3       java.lang.Character::codePointAt (51 bytes)
Event: 3.328 Thread 0x000001d5be3a2d20 nmethod 1468 0x000001d5a9baa610 code [0x000001d5a9baa800, 0x000001d5a9baae80]
Event: 3.328 Thread 0x000001d5be3a2d20 1469       3       java.lang.Character::isHighSurrogate (18 bytes)
Event: 3.328 Thread 0x000001d5be3a2d20 nmethod 1469 0x000001d5a9bab010 code [0x000001d5a9bab1a0, 0x000001d5a9bab328]
Event: 3.328 Thread 0x000001d5be3a2d20 1470       1       com.jogamp.nativewindow.DefaultGraphicsDevice::getUniqueID (5 bytes)
Event: 3.328 Thread 0x000001d5be3a2d20 nmethod 1470 0x000001d5b14a9f10 code [0x000001d5b14aa080, 0x000001d5b14aa148]
Event: 3.330 Thread 0x000001d5c8e9fca0 1471       4       java.nio.Buffer::session (20 bytes)
Event: 3.330 Thread 0x000001d5be3a2d20 1473       3       java.nio.Buffer::nextPutIndex (30 bytes)
Event: 3.330 Thread 0x000001d5be3a2d20 nmethod 1473 0x000001d5a9bab390 code [0x000001d5a9bab520, 0x000001d5a9bab6f0]
Event: 3.330 Thread 0x000001d5be3a2d20 1475       3       java.nio.DirectFloatBufferU::ix (10 bytes)
Event: 3.330 Thread 0x000001d5be3a2d20 nmethod 1475 0x000001d5a9bab810 code [0x000001d5a9bab9a0, 0x000001d5a9babac0]
Event: 3.330 Thread 0x000001d5be3a2d20 1476   !   3       jdk.internal.misc.ScopedMemoryAccess::putFloat (21 bytes)
Event: 3.331 Thread 0x000001d5c8e9fca0 nmethod 1471 0x000001d5b14aa610 code [0x000001d5b14aa780, 0x000001d5b14aa828]
Event: 3.331 Thread 0x000001d5c8e9fca0 1478       4       java.nio.DirectFloatBufferU::ix (10 bytes)
Event: 3.331 Thread 0x000001d5be3a2d20 nmethod 1476 0x000001d5a9babb90 code [0x000001d5a9babd60, 0x000001d5a9bac1e0]
Event: 3.331 Thread 0x000001d5be3a2d20 1474   !   3       java.nio.DirectFloatBufferU::put (36 bytes)
Event: 3.331 Thread 0x000001d5c8e9fca0 nmethod 1478 0x000001d5b14aa910 code [0x000001d5b14aaa80, 0x000001d5b14aab10]

GC Heap History (2 events):
Event: 2.199 GC heap before
{Heap before GC invocations=0 (full 0):
 garbage-first heap   total 120832K, used 23552K [0x000000008a600000, 0x0000000100000000)
  region size 1024K, 23 young (23552K), 0 survivors (0K)
 Metaspace       used 9766K, committed 9984K, reserved 1114112K
  class space    used 721K, committed 832K, reserved 1048576K
}
Event: 2.216 GC heap after
{Heap after GC invocations=1 (full 0):
 garbage-first heap   total 120832K, used 3728K [0x000000008a600000, 0x0000000100000000)
  region size 1024K, 3 young (3072K), 3 survivors (3072K)
 Metaspace       used 9766K, committed 9984K, reserved 1114112K
  class space    used 721K, committed 832K, reserved 1048576K
}

Dll operation events (19 events):
Event: 0.009 Loaded shared library C:\Users\Henry\.jdks\corretto-20\bin\java.dll
Event: 0.020 Loaded shared library C:\Users\Henry\.jdks\corretto-20\bin\jsvml.dll
Event: 0.109 Loaded shared library C:\Users\Henry\.jdks\corretto-20\bin\zip.dll
Event: 0.111 Loaded shared library C:\Users\Henry\.jdks\corretto-20\bin\instrument.dll
Event: 0.118 Loaded shared library C:\Users\Henry\.jdks\corretto-20\bin\net.dll
Event: 0.120 Loaded shared library C:\Users\Henry\.jdks\corretto-20\bin\nio.dll
Event: 0.126 Loaded shared library C:\Users\Henry\.jdks\corretto-20\bin\zip.dll
Event: 0.155 Loaded shared library C:\Program Files\JetBrains\IntelliJ IDEA 2023.1\bin\breakgen64.dll
Event: 0.165 Loaded shared library C:\Users\Henry\.jdks\corretto-20\bin\extnet.dll
Event: 0.233 Loaded shared library C:\Users\Henry\.jdks\corretto-20\bin\jimage.dll
Event: 0.540 Loaded shared library C:\Users\Henry\AppData\Local\Temp\jogamp_0000\file_cache\jln2801000896296970392\jln412650702824097261\natives\windows-amd64\gluegen_rt.dll
Event: 0.599 Loaded shared library C:\Users\Henry\.jdks\corretto-20\bin\awt.dll
Event: 0.669 Loaded shared library C:\Users\Henry\.jdks\corretto-20\bin\jawt.dll
Event: 0.704 Loaded shared library C:\Users\Henry\AppData\Local\Temp\jogamp_0000\file_cache\jln2801000896296970392\jln412650702824097261\natives\windows-amd64\nativewindow_awt.dll
Event: 0.845 Loaded shared library C:\Users\Henry\AppData\Local\Temp\jogamp_0000\file_cache\jln2801000896296970392\jln412650702824097261\natives\windows-amd64\nativewindow_win32.dll
Event: 1.073 Loaded shared library C:\Users\Henry\AppData\Local\Temp\jogamp_0000\file_cache\jln2801000896296970392\jln412650702824097261\natives\windows-amd64\jogl_desktop.dll
Event: 1.470 Loaded shared library C:\Users\Henry\AppData\Local\Temp\jogamp_0000\file_cache\jln2801000896296970392\jln412650702824097261\natives\windows-amd64\jogl_mobile.dll
Event: 3.175 Loaded shared library C:\Users\Henry\.jdks\corretto-20\bin\freetype.dll
Event: 3.177 Loaded shared library C:\Users\Henry\.jdks\corretto-20\bin\fontmanager.dll

Deoptimization events (20 events):
Event: 3.216 Thread 0x000001d5c2d415e0 Uncommon trap: trap_request=0xffffff45 fr.pc=0x000001d5b1498e20 relative=0x0000000000000260
Event: 3.216 Thread 0x000001d5c2d415e0 Uncommon trap: reason=unstable_if action=reinterpret pc=0x000001d5b1498e20 method=java.awt.Component.isDisplayable()Z @ 4 c2
Event: 3.216 Thread 0x000001d5c2d415e0 DEOPT PACKING pc=0x000001d5b1498e20 sp=0x00000061254ff380
Event: 3.216 Thread 0x000001d5c2d415e0 DEOPT UNPACKING pc=0x000001d5b0ed9d22 sp=0x00000061254ff280 mode 2
Event: 3.216 Thread 0x000001d5c2d415e0 Uncommon trap: trap_request=0xffffff45 fr.pc=0x000001d5b1491b44 relative=0x0000000000000284
Event: 3.216 Thread 0x000001d5c2d415e0 Uncommon trap: reason=unstable_if action=reinterpret pc=0x000001d5b1491b44 method=java.awt.Component.isDisplayable()Z @ 4 c2
Event: 3.216 Thread 0x000001d5c2d415e0 DEOPT PACKING pc=0x000001d5b1491b44 sp=0x00000061254ff320
Event: 3.216 Thread 0x000001d5c2d415e0 DEOPT UNPACKING pc=0x000001d5b0ed9d22 sp=0x00000061254ff280 mode 2
Event: 3.224 Thread 0x000001d5a160f890 Uncommon trap: trap_request=0xffffff45 fr.pc=0x000001d5b1468fdc relative=0x00000000000000dc
Event: 3.224 Thread 0x000001d5a160f890 Uncommon trap: reason=unstable_if action=reinterpret pc=0x000001d5b1468fdc method=java.util.Arrays.equals([Ljava/lang/Object;[Ljava/lang/Object;)Z @ 23 c2
Event: 3.224 Thread 0x000001d5a160f890 DEOPT PACKING pc=0x000001d5b1468fdc sp=0x0000006122afe520
Event: 3.224 Thread 0x000001d5a160f890 DEOPT UNPACKING pc=0x000001d5b0ed9d22 sp=0x0000006122afe4b8 mode 2
Event: 3.246 Thread 0x000001d5a160f890 Uncommon trap: trap_request=0xffffff45 fr.pc=0x000001d5b14a3bc4 relative=0x0000000000000184
Event: 3.246 Thread 0x000001d5a160f890 Uncommon trap: reason=unstable_if action=reinterpret pc=0x000001d5b14a3bc4 method=com.jogamp.opengl.awt.GLCanvas.validateGLDrawable()Z @ 22 c2
Event: 3.246 Thread 0x000001d5a160f890 DEOPT PACKING pc=0x000001d5b14a3bc4 sp=0x0000006122afe940
Event: 3.246 Thread 0x000001d5a160f890 DEOPT UNPACKING pc=0x000001d5b0ed9d22 sp=0x0000006122afe8f8 mode 2
Event: 3.272 Thread 0x000001d5c2d44060 Uncommon trap: trap_request=0xffffff66 fr.pc=0x000001d5b149151c relative=0x000000000000009c
Event: 3.272 Thread 0x000001d5c2d44060 Uncommon trap: reason=speculate_class_check action=maybe_recompile pc=0x000001d5b149151c method=java.lang.Thread.isVirtual()Z @ 1 c2
Event: 3.272 Thread 0x000001d5c2d44060 DEOPT PACKING pc=0x000001d5b149151c sp=0x00000061257fe2e0
Event: 3.272 Thread 0x000001d5c2d44060 DEOPT UNPACKING pc=0x000001d5b0ed9d22 sp=0x00000061257fe220 mode 2

Classes loaded (20 events):
Event: 3.297 Loading class java/text/AttributedString
Event: 3.297 Loading class java/text/AttributedString done
Event: 3.297 Loading class java/text/AttributedString$AttributedStringIterator
Event: 3.297 Loading class java/text/AttributedCharacterIterator
Event: 3.297 Loading class java/text/CharacterIterator
Event: 3.297 Loading class java/text/CharacterIterator done
Event: 3.298 Loading class java/text/AttributedCharacterIterator done
Event: 3.298 Loading class java/text/AttributedString$AttributedStringIterator done
Event: 3.298 Loading class java/awt/TextComponent
Event: 3.298 Loading class java/awt/TextComponent done
Event: 3.298 Loading class javax/swing/text/JTextComponent
Event: 3.299 Loading class javax/swing/Scrollable
Event: 3.299 Loading class javax/swing/Scrollable done
Event: 3.299 Loading class javax/swing/text/JTextComponent done
Event: 3.329 Loading class jdk/internal/foreign/MemorySessionImpl
Event: 3.330 Loading class java/lang/foreign/SegmentScope
Event: 3.330 Loading class java/lang/foreign/SegmentScope done
Event: 3.330 Loading class java/lang/foreign/SegmentAllocator
Event: 3.330 Loading class java/lang/foreign/SegmentAllocator done
Event: 3.330 Loading class jdk/internal/foreign/MemorySessionImpl done

Classes unloaded (0 events):
No events

Classes redefined (0 events):
No events

Internal exceptions (20 events):
Event: 0.619 Thread 0x000001d5a160f890 Exception <a 'java/io/FileNotFoundException'{0x0000000091444a20}> (0x0000000091444a20) 
thrown [s\src\hotspot\share\prims\jni.cpp, line 519]
Event: 1.078 Thread 0x000001d5a160f890 Exception <a 'java/lang/NoSuchMethodError'{0x0000000090facc60}: 'long java.lang.invoke.DelegatingMethodHandle$Holder.reinvoke_L(java.lang.Object, java.lang.Object)'> (0x0000000090facc60) 
thrown [s\src\hotspot\share\interpreter\linkResolver.cpp, line 773]
Event: 1.080 Thread 0x000001d5a160f890 Exception <a 'java/lang/NoSuchMethodError'{0x0000000090fb6a20}: 'void java.lang.invoke.DelegatingMethodHandle$Holder.reinvoke_L(java.lang.Object, java.lang.Object, long)'> (0x0000000090fb6a20) 
thrown [s\src\hotspot\share\interpreter\linkResolver.cpp, line 773]
Event: 1.106 Thread 0x000001d5be371260 Exception <a 'java/lang/NoSuchMethodError'{0x0000000090ef8348}: 'java.lang.Object java.lang.invoke.Invokers$Holder.invokeExact_MT(java.lang.Object, java.lang.Object, java.lang.Object, java.lang.Object, java.lang.Object, java.lang.Object)'> (0x0000000090ef8348) 
thrown [s\src\hotspot\share\interpreter\linkResolver.cpp, line 773]
Event: 2.264 Thread 0x000001d5c2d42080 Exception <a 'java/lang/NoSuchMethodError'{0x0000000091ad95d0}: 'void java.lang.invoke.DirectMethodHandle$Holder.invokeSpecial(java.lang.Object, java.lang.Object, java.lang.Object)'> (0x0000000091ad95d0) 
thrown [s\src\hotspot\share\interpreter\linkResolver.cpp, line 773]
Event: 2.297 Thread 0x000001d5c2d42080 Exception <a 'java/lang/NoSuchMethodError'{0x0000000091aef948}: 'long java.lang.invoke.Invokers$Holder.invokeExact_MT(java.lang.Object, java.lang.Object, java.lang.Object)'> (0x0000000091aef948) 
thrown [s\src\hotspot\share\interpreter\linkResolver.cpp, line 773]
Event: 3.087 Thread 0x000001d5a160f890 Exception <a 'java/lang/NoSuchMethodError'{0x0000000091448da0}: 'java.lang.Object java.lang.invoke.DirectMethodHandle$Holder.newInvokeSpecial(java.lang.Object, java.lang.Object, java.lang.Object, java.lang.Object, java.lang.Object)'> (0x0000000091448da0) 
thrown [s\src\hotspot\share\interpreter\linkResolver.cpp, line 773]
Event: 3.095 Thread 0x000001d5a160f890 Exception <a 'java/lang/NoSuchMethodError'{0x0000000091479050}: 'java.lang.Object java.lang.invoke.DirectMethodHandle$Holder.invokeStatic(java.lang.Object, int, java.lang.Object)'> (0x0000000091479050) 
thrown [s\src\hotspot\share\interpreter\linkResolver.cpp, line 773]
Event: 3.130 Thread 0x000001d5a160f890 Exception <a 'java/lang/ClassNotFoundException'{0x0000000091338478}: com/sun/swing/internal/plaf/metal/resources/spi/metalProvider> (0x0000000091338478) 
thrown [s\src\hotspot\share\classfile\systemDictionary.cpp, line 305]
Event: 3.131 Thread 0x000001d5a160f890 Exception <a 'java/lang/ClassNotFoundException'{0x000000009133c3f8}: com/sun/swing/internal/plaf/basic/resources/spi/basicProvider> (0x000000009133c3f8) 
thrown [s\src\hotspot\share\classfile\systemDictionary.cpp, line 305]
Event: 3.139 Thread 0x000001d5a160f890 Implicit null exception at 0x000001d5b148c3cd to 0x000001d5b148ce44
Event: 3.141 Thread 0x000001d5a160f890 Exception <a 'java/lang/NoSuchMethodError'{0x00000000913576a8}: 'int java.lang.invoke.Invokers$Holder.invokeExact_MT(java.lang.Object, java.lang.Object)'> (0x00000000913576a8) 
thrown [s\src\hotspot\share\interpreter\linkResolver.cpp, line 773]
Event: 3.142 Thread 0x000001d5a160f890 Implicit null exception at 0x000001d5b1470018 to 0x000001d5b1470234
Event: 3.142 Thread 0x000001d5a160f890 Implicit null exception at 0x000001d5b1460b98 to 0x000001d5b1460dac
Event: 3.151 Thread 0x000001d5c2a23010 Exception <a 'java/lang/NoSuchMethodError'{0x00000000913a2880}: 'void java.lang.invoke.DirectMethodHandle$Holder.invokeVirtual(java.lang.Object, java.lang.Object)'> (0x00000000913a2880) 
thrown [s\src\hotspot\share\interpreter\linkResolver.cpp, line 773]
Event: 3.171 Thread 0x000001d5a160f890 Exception <a 'java/lang/NoSuchMethodError'{0x0000000091380488}: 'void java.lang.invoke.DirectMethodHandle$Holder.invokeStaticInit(java.lang.Object)'> (0x0000000091380488) 
thrown [s\src\hotspot\share\interpreter\linkResolver.cpp, line 773]
Event: 3.210 Thread 0x000001d5a160f890 Exception <a 'java/lang/NoSuchMethodError'{0x0000000091239578}: 'java.lang.Object java.lang.invoke.DirectMethodHandle$Holder.invokeStatic(java.lang.Object, java.lang.Object, int)'> (0x0000000091239578) 
thrown [s\src\hotspot\share\interpreter\linkResolver.cpp, line 773]
Event: 3.210 Thread 0x000001d5a160f890 Implicit null exception at 0x000001d5b14685ef to 0x000001d5b1468824
Event: 3.211 Thread 0x000001d5a160f890 Exception <a 'java/lang/NoSuchMethodError'{0x00000000912408b8}: 'int java.lang.invoke.DirectMethodHandle$Holder.invokeSpecial(java.lang.Object, java.lang.Object, java.lang.Object, int)'> (0x00000000912408b8) 
thrown [s\src\hotspot\share\interpreter\linkResolver.cpp, line 773]
Event: 3.212 Thread 0x000001d5a160f890 Exception <a 'java/lang/NoSuchMethodError'{0x0000000091252b30}: 'java.lang.Object java.lang.invoke.DirectMethodHandle$Holder.invokeStatic(java.lang.Object, java.lang.Object, java.lang.Object, java.lang.Object, int)'> (0x0000000091252b30) 
thrown [s\src\hotspot\share\interpreter\linkResolver.cpp, line 773]

VM Operations (20 events):
Event: 0.242 Executing VM operation: HandshakeAllThreads
Event: 0.242 Executing VM operation: HandshakeAllThreads done
Event: 0.505 Executing VM operation: HandshakeAllThreads
Event: 0.505 Executing VM operation: HandshakeAllThreads done
Event: 0.543 Executing VM operation: HandshakeAllThreads
Event: 0.543 Executing VM operation: HandshakeAllThreads done
Event: 0.795 Executing VM operation: HandshakeAllThreads
Event: 0.795 Executing VM operation: HandshakeAllThreads done
Event: 0.802 Executing VM operation: HandshakeAllThreads
Event: 0.802 Executing VM operation: HandshakeAllThreads done
Event: 1.808 Executing VM operation: Cleanup
Event: 1.809 Executing VM operation: Cleanup done
Event: 2.199 Executing VM operation: G1CollectForAllocation
Event: 2.216 Executing VM operation: G1CollectForAllocation done
Event: 3.063 Executing VM operation: HandshakeAllThreads
Event: 3.063 Executing VM operation: HandshakeAllThreads done
Event: 3.286 Executing VM operation: HandshakeAllThreads
Event: 3.286 Executing VM operation: HandshakeAllThreads done
Event: 3.286 Executing VM operation: Cleanup
Event: 3.286 Executing VM operation: Cleanup done

Events (20 events):
Event: 0.037 Thread 0x000001d5be3a2d20 Thread added: 0x000001d5be3a2d20
Event: 0.081 Thread 0x000001d5be338d20 Thread added: 0x000001d5be338d20
Event: 0.156 Thread 0x000001d5c280a2d0 Thread added: 0x000001d5c280a2d0
Event: 0.156 Thread 0x000001d5c280eea0 Thread added: 0x000001d5c280eea0
Event: 0.496 Thread 0x000001d5c28f4b80 Thread added: 0x000001d5c28f4b80
Event: 0.506 Thread 0x000001d5c28f4b80 Thread exited: 0x000001d5c28f4b80
Event: 0.655 Thread 0x000001d5c29d7fd0 Thread added: 0x000001d5c29d7fd0
Event: 0.657 Thread 0x000001d5c29ded00 Thread added: 0x000001d5c29ded00
Event: 0.658 Thread 0x000001d5c2a23010 Thread added: 0x000001d5c2a23010
Event: 0.798 Thread 0x000001d5c2aa2a90 Thread added: 0x000001d5c2aa2a90
Event: 1.096 Thread 0x000001d5c2d42080 Thread added: 0x000001d5c2d42080
Event: 1.833 Thread 0x000001d5c2aa2a90 Thread exited: 0x000001d5c2aa2a90
Event: 1.834 Thread 0x000001d5c29ded00 Thread exited: 0x000001d5c29ded00
Event: 3.049 Thread 0x000001d5c2d415e0 Thread added: 0x000001d5c2d415e0
Event: 3.071 Thread 0x000001d5c8e9fca0 Thread added: 0x000001d5c8e9fca0
Event: 3.145 Thread 0x000001d5c2d435c0 Thread added: 0x000001d5c2d435c0
Event: 3.151 Thread 0x000001d5c2d44060 Thread added: 0x000001d5c2d44060
Event: 3.266 Thread 0x000001d5a160f890 Thread exited: 0x000001d5a160f890
Event: 3.266 Thread 0x000001d5c2d445b0 Thread added: 0x000001d5c2d445b0
Event: 3.272 Thread 0x000001d5c2d41090 Thread added: 0x000001d5c2d41090


Dynamic libraries:
0x00007ff7e4b00000 - 0x00007ff7e4b0e000 	C:\Users\Henry\.jdks\corretto-20\bin\java.exe
0x00007ffab4e90000 - 0x00007ffab5088000 	C:\Windows\SYSTEM32\ntdll.dll
0x00007ffab3e70000 - 0x00007ffab3f2d000 	C:\Windows\System32\KERNEL32.DLL
0x00007ffab2570000 - 0x00007ffab2866000 	C:\Windows\System32\KERNELBASE.dll
0x00007ffab2c10000 - 0x00007ffab2d10000 	C:\Windows\System32\ucrtbase.dll
0x00007ffa9cc10000 - 0x00007ffa9cc27000 	C:\Users\Henry\.jdks\corretto-20\bin\jli.dll
0x00007ffaad350000 - 0x00007ffaad365000 	C:\Users\Henry\.jdks\corretto-20\bin\VCRUNTIME140.dll
0x00007ffab3c40000 - 0x00007ffab3dde000 	C:\Windows\System32\USER32.dll
0x00007ffab2a40000 - 0x00007ffab2a62000 	C:\Windows\System32\win32u.dll
0x00007ffab18f0000 - 0x00007ffab1b8a000 	C:\Windows\WinSxS\amd64_microsoft.windows.common-controls_6595b64144ccf1df_6.0.19041.3636_none_60b6a03d71f818d5\COMCTL32.dll
0x00007ffab3460000 - 0x00007ffab348c000 	C:\Windows\System32\GDI32.dll
0x00007ffab3490000 - 0x00007ffab352e000 	C:\Windows\System32\msvcrt.dll
0x00007ffab2870000 - 0x00007ffab298a000 	C:\Windows\System32\gdi32full.dll
0x00007ffab2b70000 - 0x00007ffab2c0d000 	C:\Windows\System32\msvcp_win.dll
0x00007ffab48b0000 - 0x00007ffab48e0000 	C:\Windows\System32\IMM32.DLL
0x00007ffaad300000 - 0x00007ffaad30c000 	C:\Users\Henry\.jdks\corretto-20\bin\vcruntime140_1.dll
0x00007ffa86520000 - 0x00007ffa865ae000 	C:\Users\Henry\.jdks\corretto-20\bin\msvcp140.dll
0x00007ffab39a0000 - 0x00007ffab3acb000 	C:\Windows\System32\ole32.dll
0x00007ffab3f30000 - 0x00007ffab4056000 	C:\Windows\System32\RPCRT4.dll
0x00007ffab3530000 - 0x00007ffab3884000 	C:\Windows\System32\combase.dll
0x00007ffa47e10000 - 0x00007ffa48b12000 	C:\Users\Henry\.jdks\corretto-20\bin\server\jvm.dll
0x00007ffab3ad0000 - 0x00007ffab3b7f000 	C:\Windows\System32\ADVAPI32.dll
0x00007ffab2ef0000 - 0x00007ffab2f8c000 	C:\Windows\System32\sechost.dll
0x00007ffaaf2e0000 - 0x00007ffaaf2ea000 	C:\Windows\SYSTEM32\VERSION.dll
0x00007ffa5a530000 - 0x00007ffa5a539000 	C:\Windows\SYSTEM32\WSOCK32.dll
0x00007ffaa36f0000 - 0x00007ffaa3717000 	C:\Windows\SYSTEM32\WINMM.dll
0x00007ffab49b0000 - 0x00007ffab4a1b000 	C:\Windows\System32\WS2_32.dll
0x00007ffaaf630000 - 0x00007ffaaf642000 	C:\Windows\SYSTEM32\kernel.appcore.dll
0x00007ffaad280000 - 0x00007ffaad28a000 	C:\Users\Henry\.jdks\corretto-20\bin\jimage.dll
0x00007ffab1e80000 - 0x00007ffab2064000 	C:\Windows\SYSTEM32\DBGHELP.DLL
0x00007ffab1ca0000 - 0x00007ffab1cd4000 	C:\Windows\SYSTEM32\dbgcore.DLL
0x00007ffab2a70000 - 0x00007ffab2af2000 	C:\Windows\System32\bcryptPrimitives.dll
0x00007ffaaaa30000 - 0x00007ffaaaa3e000 	C:\Users\Henry\.jdks\corretto-20\bin\instrument.dll
0x00007ffa9cbe0000 - 0x00007ffa9cc06000 	C:\Users\Henry\.jdks\corretto-20\bin\java.dll
0x00007ffa86320000 - 0x00007ffa863f7000 	C:\Users\Henry\.jdks\corretto-20\bin\jsvml.dll
0x00007ffab4060000 - 0x00007ffab47a4000 	C:\Windows\System32\SHELL32.dll
0x00007ffaaffc0000 - 0x00007ffab075b000 	C:\Windows\SYSTEM32\windows.storage.dll
0x00007ffab1850000 - 0x00007ffab187d000 	C:\Windows\SYSTEM32\Wldp.dll
0x00007ffab4900000 - 0x00007ffab49ad000 	C:\Windows\System32\SHCORE.dll
0x00007ffab2f90000 - 0x00007ffab2fe5000 	C:\Windows\System32\shlwapi.dll
0x00007ffab24a0000 - 0x00007ffab24c5000 	C:\Windows\SYSTEM32\profapi.dll
0x00007ffa94a00000 - 0x00007ffa94a18000 	C:\Users\Henry\.jdks\corretto-20\bin\zip.dll
0x00007ffa9cbc0000 - 0x00007ffa9cbd3000 	C:\Users\Henry\.jdks\corretto-20\bin\net.dll
0x00007ffaa6af0000 - 0x00007ffaa6bfa000 	C:\Windows\SYSTEM32\WINHTTP.dll
0x00007ffab1530000 - 0x00007ffab159a000 	C:\Windows\system32\mswsock.dll
0x00007ffa9cba0000 - 0x00007ffa9cbb6000 	C:\Users\Henry\.jdks\corretto-20\bin\nio.dll
0x00007ffaaaa10000 - 0x00007ffaaaa2a000 	C:\Program Files\JetBrains\IntelliJ IDEA 2023.1\bin\breakgen64.dll
0x00007ffa9cca0000 - 0x00007ffa9cca7000 	C:\Users\Henry\.jdks\corretto-20\bin\extnet.dll
0x00007ffab2210000 - 0x00007ffab2228000 	C:\Windows\SYSTEM32\CRYPTSP.dll
0x00007ffab0f40000 - 0x00007ffab0f74000 	C:\Windows\system32\rsaenh.dll
0x00007ffab2ec0000 - 0x00007ffab2ee7000 	C:\Windows\System32\bcrypt.dll
0x00007ffab2460000 - 0x00007ffab248e000 	C:\Windows\SYSTEM32\USERENV.dll
0x00007ffab1760000 - 0x00007ffab176c000 	C:\Windows\SYSTEM32\CRYPTBASE.dll
0x00007ffab12a0000 - 0x00007ffab12db000 	C:\Windows\SYSTEM32\IPHLPAPI.DLL
0x00007ffab48a0000 - 0x00007ffab48a8000 	C:\Windows\System32\NSI.dll
0x00007ffaa6f90000 - 0x00007ffaa6fa7000 	C:\Windows\SYSTEM32\dhcpcsvc6.DLL
0x00007ffaa7b20000 - 0x00007ffaa7b3d000 	C:\Windows\SYSTEM32\dhcpcsvc.DLL
0x00007ffab12e0000 - 0x00007ffab13aa000 	C:\Windows\SYSTEM32\DNSAPI.dll
0x00007ffaaa9f0000 - 0x00007ffaaaa03000 	C:\Users\Henry\AppData\Local\Temp\jogamp_0000\file_cache\jln2801000896296970392\jln412650702824097261\natives\windows-amd64\gluegen_rt.dll
0x00007ffa7c310000 - 0x00007ffa7c4a0000 	C:\Users\Henry\.jdks\corretto-20\bin\awt.dll
0x00007ffab47d0000 - 0x00007ffab489d000 	C:\Windows\System32\OLEAUT32.dll
0x00007ffaaf030000 - 0x00007ffaaf0c0000 	C:\Windows\SYSTEM32\apphelp.dll
0x00007ffaaf1b0000 - 0x00007ffaaf24e000 	C:\Windows\system32\uxtheme.dll
0x00007ffab4d30000 - 0x00007ffab4e44000 	C:\Windows\System32\MSCTF.dll
0x00007ffaaa9e0000 - 0x00007ffaaa9e7000 	C:\Users\Henry\.jdks\corretto-20\bin\jawt.dll
0x00007ffaaa9d0000 - 0x00007ffaaa9dd000 	C:\Users\Henry\AppData\Local\Temp\jogamp_0000\file_cache\jln2801000896296970392\jln412650702824097261\natives\windows-amd64\nativewindow_awt.dll
0x00007ffaaf420000 - 0x00007ffaaf44f000 	C:\Windows\system32\DWMAPI.DLL
0x00007ffa5ade0000 - 0x00007ffa5af05000 	C:\Windows\system32\opengl32.dll
0x00007ffa5b990000 - 0x00007ffa5b9bc000 	C:\Windows\SYSTEM32\GLU32.dll
0x00007ffa99d00000 - 0x00007ffa99ecd000 	C:\Windows\system32\d3d9.dll
0x00007ffaa3720000 - 0x00007ffaa38fb000 	C:\Windows\System32\DriverStore\FileRepository\u0369791.inf_amd64_9a5c9affcd91260f\B369632\aticfx64.dll
0x00007ffaaa990000 - 0x00007ffaaa9c3000 	C:\Windows\System32\DriverStore\FileRepository\u0369791.inf_amd64_9a5c9affcd91260f\B369632\atiu9p64.dll
0x00007ffa6a220000 - 0x00007ffa6af7a000 	C:\Windows\System32\DriverStore\FileRepository\u0369791.inf_amd64_9a5c9affcd91260f\B369632\atiumd64.dll
0x00000000521a0000 - 0x000000005306b000 	C:\Windows\System32\DriverStore\FileRepository\u0369791.inf_amd64_9a5c9affcd91260f\B369632\atiumd6a.dll
0x00007ffab23d0000 - 0x00007ffab241b000 	C:\Windows\SYSTEM32\POWRPROF.dll
0x00007ffab23b0000 - 0x00007ffab23c2000 	C:\Windows\SYSTEM32\UMPDC.dll
0x00007ffa9f760000 - 0x00007ffa9f790000 	C:\Windows\SYSTEM32\amdihk64.dll
0x00007ffaa4570000 - 0x00007ffaa45ab000 	C:\Windows\SYSTEM32\dxcore.dll
0x00007ffab2d10000 - 0x00007ffab2d5e000 	C:\Windows\System32\cfgmgr32.dll
0x00007ffaaa970000 - 0x00007ffaaa985000 	C:\Users\Henry\AppData\Local\Temp\jogamp_0000\file_cache\jln2801000896296970392\jln412650702824097261\natives\windows-amd64\nativewindow_win32.dll
0x00007ffaa9c90000 - 0x00007ffaa9d13000 	C:\Users\Henry\AppData\Local\Temp\jogamp_0000\file_cache\jln2801000896296970392\jln412650702824097261\natives\windows-amd64\jogl_desktop.dll
0x00007ffa94d40000 - 0x00007ffa94d92000 	C:\Users\Henry\AppData\Local\Temp\jogamp_0000\file_cache\jln2801000896296970392\jln412650702824097261\natives\windows-amd64\jogl_mobile.dll
0x00007ffab38f0000 - 0x00007ffab3999000 	C:\Windows\System32\clbcatq.dll
0x00007ffaa9e50000 - 0x00007ffaa9f52000 	C:\Windows\System32\AppXDeploymentClient.dll
0x00007ffa9cc50000 - 0x00007ffa9cc7b000 	C:\Windows\System32\DriverStore\FileRepository\u0369791.inf_amd64_9a5c9affcd91260f\B369632\atig6pxx.dll
0x00007ffa10500000 - 0x00007ffa13308000 	C:\Windows\System32\DriverStore\FileRepository\u0369791.inf_amd64_9a5c9affcd91260f\B369632\atio6axx.dll
0x00007ffab2ff0000 - 0x00007ffab345e000 	C:\Windows\System32\SETUPAPI.dll
0x00007ffa697e0000 - 0x00007ffa69804000 	C:\Windows\SYSTEM32\dxva2.dll
0x00007ffa85fa0000 - 0x00007ffa85fdc000 	C:\Windows\System32\DriverStore\FileRepository\u0369791.inf_amd64_9a5c9affcd91260f\B369632\atig6txx.dll
0x00007ffa7a9d0000 - 0x00007ffa7ab83000 	C:\Windows\SYSTEM32\atiadlxx.dll
0x00007ffab47b0000 - 0x00007ffab47b8000 	C:\Windows\System32\PSAPI.DLL
0x00007ffaad390000 - 0x00007ffaad486000 	C:\Windows\SYSTEM32\PROPSYS.dll
0x00007ffa87cf0000 - 0x00007ffa87d39000 	C:\Windows\SYSTEM32\pdh.dll
0x00007ffab2230000 - 0x00007ffab2263000 	C:\Windows\SYSTEM32\DEVOBJ.dll
0x00007ffab2b00000 - 0x00007ffab2b67000 	C:\Windows\System32\WINTRUST.dll
0x00007ffab2d60000 - 0x00007ffab2ebd000 	C:\Windows\System32\CRYPT32.dll
0x00007ffab1c80000 - 0x00007ffab1c92000 	C:\Windows\SYSTEM32\MSASN1.dll
0x00007ffa85b90000 - 0x00007ffa85c16000 	C:\Users\Henry\.jdks\corretto-20\bin\freetype.dll
0x00007ffa7d990000 - 0x00007ffa7da54000 	C:\Users\Henry\.jdks\corretto-20\bin\fontmanager.dll
0x00007ffa9bca0000 - 0x00007ffa9bd9a000 	C:\Windows\SYSTEM32\textinputframework.dll
0x00007ffaae630000 - 0x00007ffaae98b000 	C:\Windows\System32\CoreUIComponents.dll
0x00007ffaaed10000 - 0x00007ffaaee02000 	C:\Windows\System32\CoreMessaging.dll
0x00007ffab21d0000 - 0x00007ffab2203000 	C:\Windows\SYSTEM32\ntmarta.dll
0x00007ffaad650000 - 0x00007ffaad7a5000 	C:\Windows\SYSTEM32\wintypes.dll

dbghelp: loaded successfully - version: 4.0.5 - missing functions: none
symbol engine: initialized successfully - sym options: 0x614 - pdb path: .;C:\Users\Henry\.jdks\corretto-20\bin;C:\Windows\SYSTEM32;C:\Windows\WinSxS\amd64_microsoft.windows.common-controls_6595b64144ccf1df_6.0.19041.3636_none_60b6a03d71f818d5;C:\Users\Henry\.jdks\corretto-20\bin\server;C:\Program Files\JetBrains\IntelliJ IDEA 2023.1\bin;C:\Users\Henry\AppData\Local\Temp\jogamp_0000\file_cache\jln2801000896296970392\jln412650702824097261\natives\windows-amd64;C:\Windows\System32\DriverStore\FileRepository\u0369791.inf_amd64_9a5c9affcd91260f\B369632

VM Arguments:
jvm_args: --add-exports=java.base/java.lang=ALL-UNNAMED --add-exports=java.desktop/sun.awt=ALL-UNNAMED --add-exports=java.desktop/sun.java2d=ALL-UNNAMED -javaagent:C:\Program Files\JetBrains\IntelliJ IDEA 2023.1\lib\idea_rt.jar=59148:C:\Program Files\JetBrains\IntelliJ IDEA 2023.1\bin -Dfile.encoding=UTF-8 -Dsun.stdout.encoding=UTF-8 -Dsun.stderr.encoding=UTF-8 
java_command: org.basics.DialWithBuffer
java_class_path (initial): C:\Users\Henry\OneDrive\Desktop\Programming Projects\OpenGL Testing\target\classes;C:\Users\Henry\.m2\repository\com\jtransc\jtransc-rt\0.5.0-ALPHA4\jtransc-rt-0.5.0-ALPHA4.jar;C:\Users\Henry\.m2\repository\com\jtransc\jtransc-rt-core\0.5.0-ALPHA4\jtransc-rt-core-0.5.0-ALPHA4.jar;C:\Users\Henry\.m2\repository\org\jogamp\jogl\jogl-all-main\2.5.0\jogl-all-main-2.5.0.jar;C:\Users\Henry\.m2\repository\org\jogamp\jogl\jogl-all\2.5.0\jogl-all-2.5.0.jar;C:\Users\Henry\.m2\repository\org\jogamp\jogl\jogl-all\2.5.0\jogl-all-2.5.0-natives-android-aarch64.jar;C:\Users\Henry\.m2\repository\org\jogamp\jogl\jogl-all\2.5.0\jogl-all-2.5.0-natives-linux-amd64.jar;C:\Users\Henry\.m2\repository\org\jogamp\jogl\jogl-all\2.5.0\jogl-all-2.5.0-natives-linux-armv6hf.jar;C:\Users\Henry\.m2\repository\org\jogamp\jogl\jogl-all\2.5.0\jogl-all-2.5.0-natives-linux-aarch64.jar;C:\Users\Henry\.m2\repository\org\jogamp\jogl\jogl-all\2.5.0\jogl-all-2.5.0-natives-macosx-universal.jar;C:\Users\Henry\.m2\repository\org\jogamp\jogl\jogl-all\2.5.0\jogl-all-2.5.0-natives-windows-amd64.jar;C:\Users\Henry\.m2\repository\org\jogamp\gluegen\gluegen-rt-main\2.5.0\gluegen-rt-main-2.5.0.jar;C:\Users\Henry\.m2\repository\org\jogamp\gluegen\gluegen-rt\2.5.0\gluegen-rt-2.5.0.jar;C:\Users\Henry\.m2\repository\org\jogamp\gluegen\gluegen-rt\2.5.0\gluegen-rt-2.5.0-natives-android-aarch64.jar;C:\Users\Henry\.m2\repository\org\jogamp\gluegen\gluegen-rt\2.5.0\gluegen-rt-2.5.0-natives-linux-amd64.jar;C:\Users\Henry\.m2\repository\org\jogamp\gluegen\gluegen-rt\2.5.0\gluegen-rt-2.5.0-natives-linux-armv6hf.jar;C:\Users\Henry\.m2\repository\org\jogamp\gluegen\gluegen-rt\2.5.0\gluegen-rt-2.5.0-natives-linux-aarch64.jar;C:\Users\Henry\.m2\repository\org\jogamp\gluegen\gluegen-rt\2.5.0\gluegen-rt-2.5.0-natives-macosx-universal.jar;C:\Users\Henry\.m2\repository\org\jogamp\gluegen\gluegen-rt\2.5.0\gluegen-rt-2.5.0-natives-windows-amd64.jar;C:\Users\Henry\.m2\repository\antlr\antlr\2.7.7\antlr-2.7.7.jar;C:\Users\Henry\.m2\repository\org\webjars\npm\bufferutil\4.0.7\bufferutil-4.0.7.jar;C:\Users\Henry\.m2\repository\org\webjars\npm\node-gyp-build\4.6.0\node-gyp-build-4.6.0.jar
Launcher Type: SUN_STANDARD

[Global flags]
     intx CICompilerCount                          = 4                                         {product} {ergonomic}
     uint ConcGCThreads                            = 3                                         {product} {ergonomic}
     uint G1ConcRefinementThreads                  = 10                                        {product} {ergonomic}
   size_t G1HeapRegionSize                         = 1048576                                   {product} {ergonomic}
    uintx GCDrainStackTargetSize                   = 64                                        {product} {ergonomic}
   size_t InitialHeapSize                          = 123731968                                 {product} {ergonomic}
   size_t MarkStackSize                            = 4194304                                   {product} {ergonomic}
   size_t MaxHeapSize                              = 1973420032                                {product} {ergonomic}
   size_t MaxNewSize                               = 1183842304                                {product} {ergonomic}
   size_t MinHeapDeltaBytes                        = 1048576                                   {product} {ergonomic}
   size_t MinHeapSize                              = 8388608                                   {product} {ergonomic}
    uintx NonNMethodCodeHeapSize                   = 5839372                                {pd product} {ergonomic}
    uintx NonProfiledCodeHeapSize                  = 122909434                              {pd product} {ergonomic}
    uintx ProfiledCodeHeapSize                     = 122909434                              {pd product} {ergonomic}
    uintx ReservedCodeCacheSize                    = 251658240                              {pd product} {ergonomic}
     bool SegmentedCodeCache                       = true                                      {product} {ergonomic}
   size_t SoftMaxHeapSize                          = 1973420032                             {manageable} {ergonomic}
     bool UseCompressedClassPointers               = true                           {product lp64_product} {ergonomic}
     bool UseCompressedOops                        = true                           {product lp64_product} {ergonomic}
     bool UseG1GC                                  = true                                      {product} {ergonomic}
     bool UseLargePagesIndividualAllocation        = false                                  {pd product} {ergonomic}

Logging:
Log output configuration:
 #0: stdout all=warning uptime,level,tags foldmultilines=false
 #1: stderr all=off uptime,level,tags foldmultilines=false

Environment Variables:
PATH=C:\Program Files\Java\jdk-20\bin;C:\Program Files (x86)\Common Files\Oracle\Java\javapath;C:\Windows\system32;C:\Windows;C:\Windows\System32\Wbem;C:\Windows\System32\WindowsPowerShell\v1.0\;C:\Windows\System32\OpenSSH\;C:\Program Files\Git\cmd;C:\Program Files (x86)\McLaren Electronic Systems\ATLAS 9\Bin\;C:\Program Files (x86)\McLaren Electronic Systems\ATLAS 9\DotNet64BitApi\;C:\Users\Henry\AppData\Local\Programs\Python\Python311\Scripts\;C:\Users\Henry\AppData\Local\Programs\Python\Python311\;C:\Users\Henry\AppData\Local\Microsoft\WindowsApps;C:\Users\Henry\AppData\Local\GitHubDesktop\bin;C:\Users\Henry\AppData\Local\Programs\Microsoft VS Code\bin;C:\Users\Henry\AppData\Local\php;C:\Users\Henry\AppData\Local\JetBrains\RPlugin;C:\Users\Henry\.m2\wrapper\dists\apache-maven-3.8.6-bin\1ks0nkde5v1pk9vtc31i9d0lcd\apache-maven-3.8.6\bin;
USERNAME=Henry
OS=Windows_NT
PROCESSOR_IDENTIFIER=AMD64 Family 25 Model 80 Stepping 0, AuthenticAMD
TMP=C:\Users\Henry\AppData\Local\Temp
TEMP=C:\Users\Henry\AppData\Local\Temp




---------------  S Y S T E M  ---------------

OS:
 Windows 10 , 64 bit Build 19041 (10.0.19041.3636)
OS uptime: 13 days 1:03 hours

CPU: total 12 (initial active 12) (12 cores per cpu, 2 threads per core) family 25 model 80 stepping 0 microcode 0x0, cx8, cmov, fxsr, ht, mmx, 3dnowpref, sse, sse2, sse3, ssse3, sse4a, sse4.1, sse4.2, popcnt, lzcnt, tsc, tscinvbit, avx, avx2, aes, erms, clmul, bmi1, bmi2, adx, sha, fma, vzeroupper, clflush, clflushopt, rdtscp, rdpid, fsrm, f16c, pku, cet_ss

Memory: 4k page, system-wide physical 7523M (758M free)
TotalPageFile size 25955M (AvailPageFile size 11981M)
current process WorkingSet (physical memory assigned to process): 157M, peak: 157M
current process commit charge ("private bytes"): 373M, peak: 373M

vm_info: OpenJDK 64-Bit Server VM (20+36-FR) for windows-amd64 JRE (20+36-FR), built on 2023-02-21T01:06:55Z by "administrator" with unknown MS VC++:1934

END.
